#
# A fatal error has been detected by the Java Runtime Environment:
#
#  SIGSEGV (0xb) at pc=0x00007fad481d850e, pid=5917, tid=0x00007fad45e80700
#
# JRE version: OpenJDK Runtime Environment (8.0_76-b03) (build 1.8.0_76-release-b03)
# Java VM: OpenJDK 64-Bit Server VM (25.76-b03 mixed mode linux-amd64 compressed oops)
# Problematic frame:
# V  [libjvm.so+0x5ee50e]  InstanceKlass::oop_follow_contents(ParCompactionManager*, oopDesc*)+0x2de
#
# Failed to write core dump. Core dumps have been disabled. To enable core dumping, try "ulimit -c unlimited" before starting Java again
#
# If you would like to submit a bug report, please visit:
#   http://bugreport.java.com/bugreport/crash.jsp
#

---------------  T H R E A D  ---------------

Current thread (0x00007fad40021000):  GCTaskThread [stack: 0x00007fad45d80000,0x00007fad45e81000] [id=5923]

siginfo: si_signo: 11 (SIGSEGV), si_code: 128 (SI_KERNEL), si_addr: 0x0000000000000000

Registers:
RAX=0x000000000000003f, RBX=0x0000000021e397f8, RCX=0x000000000000003f, RDX=0x8000000000000000
RSP=0x00007fad45e7fba0, RBP=0x00007fad45e7fc00, RSI=0x00007fad2e000000, RDI=0x007fffffffc0f1cb
R8 =0x0000000021e397f8, R9 =0x0000000000000010, R10=0x00007fad48aad1a0, R11=0x0002000000000000
R12=0x00007fad40070820, R13=0x000000010001b990, R14=0x00000000a236cf20, R15=0x00000000a236cf2c
RIP=0x00007fad481d850e, EFLAGS=0x0000000000010a96, CSGSFS=0x0000000000000033, ERR=0x0000000000000000
  TRAPNO=0x000000000000000d

Top of Stack: (sp=0x00007fad45e7fba0)
0x00007fad45e7fba0:   0000000000000001 00007fad40070860
0x00007fad45e7fbb0:   00000000a236cf10 000000010001b998
0x00007fad45e7fbc0:   00007fad48aad1a0 0000000000000004
0x00007fad45e7fbd0:   00007fad48aad1a0 00007fad48aa9230
0x00007fad45e7fbe0:   00000000a2364228 00007fad40070820
0x00007fad45e7fbf0:   00000000a2368238 00007fad40070820
0x00007fad45e7fc00:   00007fad45e7fcd0 00007fad4848a252
0x00007fad45e7fc10:   00007fad45e7fce0 00007fad400708b0
0x00007fad45e7fc20:   00007fad400708e0 00000000a2364228
0x00007fad45e7fc30:   00007fad40070830 0000000000001000
0x00007fad45e7fc40:   00007fad40070860 0000000000001000
0x00007fad45e7fc50:   0000000000000004 00007fad48aa2754
0x00007fad45e7fc60:   00000000a236cf10 0000000000000020
0x00007fad45e7fc70:   00000000a2364228 00007fad00000e00
0x00007fad45e7fc80:   0000002100000001 00007fad00000e00
0x00007fad45e7fc90:   0000002200000001 00007fad1411e8e0
0x00007fad45e7fca0:   00007fad48645260 0000000000000000
0x00007fad45e7fcb0:   00000000a2365238 0000000000000001
0x00007fad45e7fcc0:   00007fad45e7fd4c 00007fad45e7fd50
0x00007fad45e7fcd0:   00007fad45e7fdc0 00007fad4846f70c
0x00007fad45e7fce0:   00007fad45e7fd50 00007fad45e7fd4c
0x00007fad45e7fcf0:   0000000148a68e70 00007fad40070860
0x00007fad45e7fd00:   0000000000001000 0000000000000004
0x00007fad45e7fd10:   0000000000000400 00007fad48aa2754
0x00007fad45e7fd20:   00007fad45e7fd60 00000000a2364228
0x00007fad45e7fd30:   00007fad1411e940 00007fad40070820
0x00007fad45e7fd40:   00007fad45e7fd10 00000011483f2f00
0x00007fad45e7fd50:   0000000000000000 00007fad40021000
0x00007fad45e7fd60:   00000000a2364228 00007fad00000200
0x00007fad45e7fd70:   00000000a2364228 00007fad00000400
0x00007fad45e7fd80:   00007fad4001ea70 00007fad4001ea70
0x00007fad45e7fd90:   00007fad45e7fdc0 0000000000000001 

Instructions: (pc=0x00007fad481d850e)
0x00007fad481d84ee:   00 00 00 48 89 d8 49 2b 02 48 c1 e8 03 48 d3 e8
0x00007fad481d84fe:   48 89 c7 83 e0 3f 48 c1 ef 06 48 89 c1 48 d3 e2
0x00007fad481d850e:   48 85 14 fe 75 9c 48 89 df 4c 89 55 c0 e8 b0 69
0x00007fad481d851e:   e9 ff 4c 8b 55 c0 48 63 c8 48 89 de 48 89 ca 48 

Register to memory mapping:

RAX=0x000000000000003f is an unknown value
RBX=0x0000000021e397f8 is an unknown value
RCX=0x000000000000003f is an unknown value
RDX=0x8000000000000000 is an unknown value
RSP=0x00007fad45e7fba0 is an unknown value
RBP=0x00007fad45e7fc00 is an unknown value
RSI=0x00007fad2e000000 is an unknown value
RDI=0x007fffffffc0f1cb is an unknown value
R8 =0x0000000021e397f8 is an unknown value
R9 =0x0000000000000010 is an unknown value
R10=0x00007fad48aad1a0: <offset 0xec31a0> in /home/olivier/Documents/android-studio/jre/jre/lib/amd64/server/libjvm.so at 0x00007fad47bea000
R11=0x0002000000000000 is an unknown value
R12=0x00007fad40070820 is an unknown value
R13=0x000000010001b990 is pointing into metadata
R14=0x00000000a236cf20 is pointing into object: 0x00000000a236cf10
java.util.HashMap$Node 
 - klass: 'java/util/HashMap$Node'
R15=0x00000000a236cf2c is pointing into object: 0x00000000a236cf10
java.util.HashMap$Node 
 - klass: 'java/util/HashMap$Node'


Stack: [0x00007fad45d80000,0x00007fad45e81000],  sp=0x00007fad45e7fba0,  free space=1022k
Native frames: (J=compiled Java code, j=interpreted, Vv=VM code, C=native code)
V  [libjvm.so+0x5ee50e]  InstanceKlass::oop_follow_contents(ParCompactionManager*, oopDesc*)+0x2de
V  [libjvm.so+0x8a0252]  ParCompactionManager::follow_marking_stacks()+0x402
V  [libjvm.so+0x88570c]  StealMarkingTask::do_it(GCTaskManager*, unsigned int)+0x2cc
V  [libjvm.so+0x57ef02]  GCTaskThread::run()+0x162
V  [libjvm.so+0x8425b2]  java_start(Thread*)+0xf2


---------------  P R O C E S S  ---------------

Java Threads: ( => current thread )
  0x00007facf084a800 JavaThread "File lock request listener" [_thread_in_native, id=5948, stack(0x00007facf6e83000,0x00007facf6f84000)]
  0x00007facf0716800 JavaThread "process reaper" daemon [_thread_blocked, id=5946, stack(0x00007fad2c01d000,0x00007fad2c056000)]
  0x00007facf0018800 JavaThread "Stdin handler" [_thread_blocked, id=5942, stack(0x00007facf7bfc000,0x00007facf7cfd000)]
  0x00007facf001b000 JavaThread "Asynchronous log dispatcher for org.gradle.launcher.daemon.server.DefaultDaemonConnection@340d2971" [_thread_blocked, id=5941, stack(0x00007facf7cfd000,0x00007facf7dfe000)]
  0x00007facfc007000 JavaThread "Daemon worker" [_thread_blocked, id=5938, stack(0x00007facf7dfe000,0x00007facf7eff000)]
  0x00007facfc00c000 JavaThread "Cancel handler" [_thread_blocked, id=5937, stack(0x00007facf7eff000,0x00007facf8000000)]
  0x00007facfc003800 JavaThread "Handler for socket connection from /127.0.0.1:34853 to /127.0.0.1:41289" [_thread_in_native, id=5936, stack(0x00007fad2c057000,0x00007fad2c158000)]
  0x00007fad04011000 JavaThread "Daemon" [_thread_blocked, id=5935, stack(0x00007fad2c158000,0x00007fad2c259000)]
  0x00007fad40b62800 JavaThread "pool-1-thread-1" [_thread_blocked, id=5934, stack(0x00007fad2c259000,0x00007fad2c35a000)]
  0x00007fad40b08000 JavaThread "Incoming local TCP Connector on port 34853" [_thread_in_native, id=5933, stack(0x00007fad2c561000,0x00007fad2c662000)]
  0x00007fad400b9800 JavaThread "Service Thread" daemon [_thread_blocked, id=5930, stack(0x00007fad2d818000,0x00007fad2d919000)]
  0x00007fad400b7000 JavaThread "C1 CompilerThread1" daemon [_thread_blocked, id=5929, stack(0x00007fad4409f000,0x00007fad441a0000)]
  0x00007fad400b4000 JavaThread "C2 CompilerThread0" daemon [_thread_blocked, id=5928, stack(0x00007fad441a0000,0x00007fad442a1000)]
  0x00007fad400b2800 JavaThread "Signal Dispatcher" daemon [_thread_blocked, id=5927, stack(0x00007fad442a1000,0x00007fad443a2000)]
  0x00007fad4007f800 JavaThread "Finalizer" daemon [_thread_blocked, id=5926, stack(0x00007fad443a2000,0x00007fad444a3000)]
  0x00007fad4007b000 JavaThread "Reference Handler" daemon [_thread_blocked, id=5925, stack(0x00007fad444a3000,0x00007fad445a4000)]
  0x00007fad4000a000 JavaThread "main" [_thread_blocked, id=5921, stack(0x00007fad495dc000,0x00007fad496dd000)]

Other Threads:
  0x00007fad40073800 VMThread [stack: 0x00007fad445a4000,0x00007fad446a5000] [id=5924]
  0x00007fad400bc000 WatcherThread [stack: 0x00007fad2d717000,0x00007fad2d818000] [id=5931]

=>0x00007fad40021000 (exited) GCTaskThread [stack: 0x00007fad45d80000,0x00007fad45e81000] [id=5923]

VM state:at safepoint (normal execution)

VM Mutex/Monitor currently owned by a thread:  ([mutex/lock_event])
[0x00007fad40006490] Threads_lock - owner thread: 0x00007fad40073800
[0x00007fad40006990] Heap_lock - owner thread: 0x00007facfc007000

Heap:
 PSYoungGen      total 181248K, used 11752K [0x00000000e0000000, 0x00000000ecc00000, 0x0000000100000000)
  eden space 169472K, 0% used [0x00000000e0000000,0x00000000e0000000,0x00000000ea580000)
  from space 11776K, 99% used [0x00000000eb680000,0x00000000ec1fa2a0,0x00000000ec200000)
  to   space 17408K, 0% used [0x00000000ea580000,0x00000000ea580000,0x00000000eb680000)
 ParOldGen       total 43008K, used 42922K [0x00000000a0000000, 0x00000000a2a00000, 0x00000000e0000000)
  object space 43008K, 99% used [0x00000000a0000000,0x00000000a29eab80,0x00000000a2a00000)
 Metaspace       used 50639K, capacity 51894K, committed 52096K, reserved 1093632K
  class space    used 6664K, capacity 6959K, committed 7040K, reserved 1048576K

Card table byte_map: [0x00007fad46182000,0x00007fad46483000] byte_map_base: 0x00007fad45c82000

Marking Bits: (ParMarkBitMap*) 0x00007fad48aad1a0
 Begin Bits: [0x00007fad2e000000, 0x00007fad2f800000)
 End Bits:   [0x00007fad2f800000, 0x00007fad31000000)

Polling page: 0x00007fad496f7000

CodeCache: size=245760Kb used=20871Kb max_used=20871Kb free=224888Kb
 bounds [0x00007fad31000000, 0x00007fad32480000, 0x00007fad40000000]
 total_blobs=7838 nmethods=7137 adapters=615
 compilation: enabled

Compilation events (10 events):
Event: 45,308 Thread 0x00007fad400b4000 nmethod 7992 0x00007fad32474e90 code [0x00007fad32475000, 0x00007fad32475298]
Event: 45,308 Thread 0x00007fad400b4000 7994       4       com.sun.org.apache.xerces.internal.impl.XMLEntityScanner::scanQName (594 bytes)
Event: 45,335 Thread 0x00007fad400b7000 7998       2       com.sun.org.apache.xerces.internal.dom.CoreDocumentImpl::createAttributeNS (11 bytes)
Event: 45,336 Thread 0x00007fad400b7000 nmethod 7998 0x00007fad32477550 code [0x00007fad324776c0, 0x00007fad32477918]
Event: 45,336 Thread 0x00007fad400b7000 7999       2       com.sun.org.apache.xerces.internal.dom.ElementImpl::setAttributeNodeNS (112 bytes)
Event: 45,338 Thread 0x00007fad400b7000 nmethod 7999 0x00007fad3246da50 code [0x00007fad3246dc40, 0x00007fad3246e128]
Event: 45,422 Thread 0x00007fad400b7000 8001 %     3       com.sun.org.apache.xerces.internal.dom.ParentNode::nodeListItem @ 79 (226 bytes)
Event: 45,425 Thread 0x00007fad400b7000 nmethod 8001% 0x00007fad32479b10 code [0x00007fad32479d20, 0x00007fad3247ac08]
Event: 45,425 Thread 0x00007fad400b7000 8002       3       com.sun.org.apache.xerces.internal.dom.ParentNode::nodeListItem (226 bytes)
Event: 45,428 Thread 0x00007fad400b7000 nmethod 8002 0x00007fad3247b0d0 code [0x00007fad3247b2e0, 0x00007fad3247c168]

GC Heap History (10 events):
Event: 25,070 GC heap after
Heap after GC invocations=18 (full 2):
 PSYoungGen      total 114176K, used 6644K [0x00000000e0000000, 0x00000000e7980000, 0x0000000100000000)
  eden space 107520K, 0% used [0x00000000e0000000,0x00000000e0000000,0x00000000e6900000)
  from space 6656K, 99% used [0x00000000e7300000,0x00000000e797d2c0,0x00000000e7980000)
  to   space 7680K, 0% used [0x00000000e6a80000,0x00000000e6a80000,0x00000000e7200000)
 ParOldGen       total 41472K, used 15861K [0x00000000a0000000, 0x00000000a2880000, 0x00000000e0000000)
  object space 41472K, 38% used [0x00000000a0000000,0x00000000a0f7d708,0x00000000a2880000)
 Metaspace       used 41842K, capacity 42644K, committed 43008K, reserved 1087488K
  class space    used 5592K, capacity 5812K, committed 5888K, reserved 1048576K
}
Event: 28,302 GC heap before
{Heap before GC invocations=19 (full 2):
 PSYoungGen      total 114176K, used 114164K [0x00000000e0000000, 0x00000000e7980000, 0x0000000100000000)
  eden space 107520K, 100% used [0x00000000e0000000,0x00000000e6900000,0x00000000e6900000)
  from space 6656K, 99% used [0x00000000e7300000,0x00000000e797d2c0,0x00000000e7980000)
  to   space 7680K, 0% used [0x00000000e6a80000,0x00000000e6a80000,0x00000000e7200000)
 ParOldGen       total 41472K, used 15861K [0x00000000a0000000, 0x00000000a2880000, 0x00000000e0000000)
  object space 41472K, 38% used [0x00000000a0000000,0x00000000a0f7d708,0x00000000a2880000)
 Metaspace       used 45364K, capacity 46464K, committed 46592K, reserved 1089536K
  class space    used 6106K, capacity 6348K, committed 6400K, reserved 1048576K
Event: 28,354 GC heap after
Heap after GC invocations=19 (full 2):
 PSYoungGen      total 116736K, used 7674K [0x00000000e0000000, 0x00000000e9d00000, 0x0000000100000000)
  eden space 109056K, 0% used [0x00000000e0000000,0x00000000e0000000,0x00000000e6a80000)
  from space 7680K, 99% used [0x00000000e6a80000,0x00000000e71febe0,0x00000000e7200000)
  to   space 10752K, 0% used [0x00000000e9280000,0x00000000e9280000,0x00000000e9d00000)
 ParOldGen       total 41472K, used 21587K [0x00000000a0000000, 0x00000000a2880000, 0x00000000e0000000)
  object space 41472K, 52% used [0x00000000a0000000,0x00000000a1514c10,0x00000000a2880000)
 Metaspace       used 45364K, capacity 46464K, committed 46592K, reserved 1089536K
  class space    used 6106K, capacity 6348K, committed 6400K, reserved 1048576K
}
Event: 35,274 GC heap before
{Heap before GC invocations=20 (full 2):
 PSYoungGen      total 116736K, used 116730K [0x00000000e0000000, 0x00000000e9d00000, 0x0000000100000000)
  eden space 109056K, 100% used [0x00000000e0000000,0x00000000e6a80000,0x00000000e6a80000)
  from space 7680K, 99% used [0x00000000e6a80000,0x00000000e71febe0,0x00000000e7200000)
  to   space 10752K, 0% used [0x00000000e9280000,0x00000000e9280000,0x00000000e9d00000)
 ParOldGen       total 41472K, used 21587K [0x00000000a0000000, 0x00000000a2880000, 0x00000000e0000000)
  object space 41472K, 52% used [0x00000000a0000000,0x00000000a1514c10,0x00000000a2880000)
 Metaspace       used 48515K, capacity 49808K, committed 50048K, reserved 1093632K
  class space    used 6463K, capacity 6760K, committed 6784K, reserved 1048576K
Event: 35,336 GC heap after
Heap after GC invocations=20 (full 2):
 PSYoungGen      total 149504K, used 7354K [0x00000000e0000000, 0x00000000e9e00000, 0x0000000100000000)
  eden space 138752K, 0% used [0x00000000e0000000,0x00000000e0000000,0x00000000e8780000)
  from space 10752K, 68% used [0x00000000e9280000,0x00000000e99aeba8,0x00000000e9d00000)
  to   space 11264K, 0% used [0x00000000e8780000,0x00000000e8780000,0x00000000e9280000)
 ParOldGen       total 41472K, used 28537K [0x00000000a0000000, 0x00000000a2880000, 0x00000000e0000000)
  object space 41472K, 68% used [0x00000000a0000000,0x00000000a1bde4b0,0x00000000a2880000)
 Metaspace       used 48515K, capacity 49808K, committed 50048K, reserved 1093632K
  class space    used 6463K, capacity 6760K, committed 6784K, reserved 1048576K
}
Event: 41,247 GC heap before
{Heap before GC invocations=21 (full 2):
 PSYoungGen      total 149504K, used 146106K [0x00000000e0000000, 0x00000000e9e00000, 0x0000000100000000)
  eden space 138752K, 100% used [0x00000000e0000000,0x00000000e8780000,0x00000000e8780000)
  from space 10752K, 68% used [0x00000000e9280000,0x00000000e99aeba8,0x00000000e9d00000)
  to   space 11264K, 0% used [0x00000000e8780000,0x00000000e8780000,0x00000000e9280000)
 ParOldGen       total 41472K, used 28537K [0x00000000a0000000, 0x00000000a2880000, 0x00000000e0000000)
  object space 41472K, 68% used [0x00000000a0000000,0x00000000a1bde4b0,0x00000000a2880000)
 Metaspace       used 50209K, capacity 51510K, committed 51840K, reserved 1093632K
  class space    used 6650K, capacity 6959K, committed 7040K, reserved 1048576K
Event: 41,358 GC heap after
Heap after GC invocations=21 (full 2):
 PSYoungGen      total 150016K, used 8017K [0x00000000e0000000, 0x00000000ec200000, 0x0000000100000000)
  eden space 138752K, 0% used [0x00000000e0000000,0x00000000e0000000,0x00000000e8780000)
  from space 11264K, 71% used [0x00000000e8780000,0x00000000e8f547b8,0x00000000e9280000)
  to   space 11776K, 0% used [0x00000000eb680000,0x00000000eb680000,0x00000000ec200000)
 ParOldGen       total 41472K, used 32553K [0x00000000a0000000, 0x00000000a2880000, 0x00000000e0000000)
  object space 41472K, 78% used [0x00000000a0000000,0x00000000a1fca4f0,0x00000000a2880000)
 Metaspace       used 50209K, capacity 51510K, committed 51840K, reserved 1093632K
  class space    used 6650K, capacity 6959K, committed 7040K, reserved 1048576K
}
Event: 45,451 GC heap before
{Heap before GC invocations=22 (full 2):
 PSYoungGen      total 150016K, used 146769K [0x00000000e0000000, 0x00000000ec200000, 0x0000000100000000)
  eden space 138752K, 100% used [0x00000000e0000000,0x00000000e8780000,0x00000000e8780000)
  from space 11264K, 71% used [0x00000000e8780000,0x00000000e8f547b8,0x00000000e9280000)
  to   space 11776K, 0% used [0x00000000eb680000,0x00000000eb680000,0x00000000ec200000)
 ParOldGen       total 41472K, used 32553K [0x00000000a0000000, 0x00000000a2880000, 0x00000000e0000000)
  object space 41472K, 78% used [0x00000000a0000000,0x00000000a1fca4f0,0x00000000a2880000)
 Metaspace       used 50639K, capacity 51894K, committed 52096K, reserved 1093632K
  class space    used 6664K, capacity 6959K, committed 7040K, reserved 1048576K
Event: 45,541 GC heap after
Heap after GC invocations=22 (full 2):
 PSYoungGen      total 181248K, used 11752K [0x00000000e0000000, 0x00000000ecc00000, 0x0000000100000000)
  eden space 169472K, 0% used [0x00000000e0000000,0x00000000e0000000,0x00000000ea580000)
  from space 11776K, 99% used [0x00000000eb680000,0x00000000ec1fa2a0,0x00000000ec200000)
  to   space 17408K, 0% used [0x00000000ea580000,0x00000000ea580000,0x00000000eb680000)
 ParOldGen       total 43008K, used 42922K [0x00000000a0000000, 0x00000000a2a00000, 0x00000000e0000000)
  object space 43008K, 99% used [0x00000000a0000000,0x00000000a29eab80,0x00000000a2a00000)
 Metaspace       used 50639K, capacity 51894K, committed 52096K, reserved 1093632K
  class space    used 6664K, capacity 6959K, committed 7040K, reserved 1048576K
}
Event: 45,541 GC heap before
{Heap before GC invocations=23 (full 3):
 PSYoungGen      total 181248K, used 11752K [0x00000000e0000000, 0x00000000ecc00000, 0x0000000100000000)
  eden space 169472K, 0% used [0x00000000e0000000,0x00000000e0000000,0x00000000ea580000)
  from space 11776K, 99% used [0x00000000eb680000,0x00000000ec1fa2a0,0x00000000ec200000)
  to   space 17408K, 0% used [0x00000000ea580000,0x00000000ea580000,0x00000000eb680000)
 ParOldGen       total 43008K, used 42922K [0x00000000a0000000, 0x00000000a2a00000, 0x00000000e0000000)
  object space 43008K, 99% used [0x00000000a0000000,0x00000000a29eab80,0x00000000a2a00000)
 Metaspace       used 50639K, capacity 51894K, committed 52096K, reserved 1093632K
  class space    used 6664K, capacity 6959K, committed 7040K, reserved 1048576K

Deoptimization events (10 events):
Event: 40,766 Thread 0x00007facfc007000 Uncommon trap: reason=bimorphic action=maybe_recompile pc=0x00007fad32206038 method=java.io.FilterInputStream.read([B)I @ 5
Event: 40,766 Thread 0x00007facfc007000 Uncommon trap: reason=bimorphic action=maybe_recompile pc=0x00007fad32206038 method=java.io.FilterInputStream.read([B)I @ 5
Event: 40,913 Thread 0x00007facfc007000 Uncommon trap: reason=bimorphic action=maybe_recompile pc=0x00007fad32206038 method=java.io.FilterInputStream.read([B)I @ 5
Event: 40,914 Thread 0x00007facfc007000 Uncommon trap: reason=bimorphic action=maybe_recompile pc=0x00007fad32206038 method=java.io.FilterInputStream.read([B)I @ 5
Event: 40,914 Thread 0x00007facfc007000 Uncommon trap: reason=unstable_if action=reinterpret pc=0x00007fad311514fc method=sun.nio.cs.UTF_8$Decoder.decode([BII[C)I @ 30
Event: 40,922 Thread 0x00007facfc007000 Uncommon trap: reason=unstable_if action=reinterpret pc=0x00007fad32073c7c method=java.lang.StringCoding.safeTrim([CILjava/nio/charset/Charset;Z)[C @ 3
Event: 40,934 Thread 0x00007facfc007000 Uncommon trap: reason=unstable_if action=reinterpret pc=0x00007fad31addd70 method=java.lang.StringCoding.safeTrim([CILjava/nio/charset/Charset;Z)[C @ 3
Event: 43,694 Thread 0x00007facfc007000 Uncommon trap: reason=unstable_if action=reinterpret pc=0x00007fad3238ede8 method=com.sun.org.apache.xerces.internal.impl.XMLEntityScanner.scanQName(Lcom/sun/org/apache/xerces/internal/xni/QName;)Z @ 69
Event: 44,073 Thread 0x00007facfc007000 Uncommon trap: reason=unstable_if action=reinterpret pc=0x00007fad323fc7bc method=com.sun.org.apache.xerces.internal.impl.XMLEntityScanner.arrangeCapacity(IZ)Z @ 59
Event: 44,094 Thread 0x00007facfc007000 Uncommon trap: reason=unstable_if action=reinterpret pc=0x00007fad32364ac0 method=com.android.utils.PositionXmlParser$DomBuilder.findOpeningTag(Lcom/android/utils/PositionXmlParser$Position;)Lcom/android/utils/PositionXmlParser$Position; @ 59

Internal exceptions (10 events):
Event: 28,908 Thread 0x00007facfc007000 Exception <a 'java/lang/ClassNotFoundException': org/gradle/model/internal/core/ModelMapGroovyViewCustomizer> (0x00000000e0b25478) thrown at [/ssd/Android/AOSP-openjdk/external/jetbrains/jdk/hotspot/src/share/vm/classfile/systemDictionary.cpp, line 210]
Event: 28,911 Thread 0x00007facfc007000 Exception <a 'java/lang/ClassNotFoundException': org/gradle/model/internal/core/NodeBackedModelMapCustomizer> (0x00000000e0b48e38) thrown at [/ssd/Android/AOSP-openjdk/external/jetbrains/jdk/hotspot/src/share/vm/classfile/systemDictionary.cpp, line 210]
Event: 28,917 Thread 0x00007facfc007000 Exception <a 'java/lang/ClassNotFoundException': org/gradle/platform/base/BinaryContainer_ImplCustomizer> (0x00000000e0ba5d40) thrown at [/ssd/Android/AOSP-openjdk/external/jetbrains/jdk/hotspot/src/share/vm/classfile/systemDictionary.cpp, line 210]
Event: 29,561 Thread 0x00007facfc007000 Exception <a 'java/lang/NoSuchMethodError': <clinit>> (0x00000000e15373d0) thrown at [/ssd/Android/AOSP-openjdk/external/jetbrains/jdk/hotspot/src/share/vm/prims/jni.cpp, line 1591]
Event: 29,563 Thread 0x00007facfc007000 Exception <a 'java/lang/NoSuchMethodError': <clinit>> (0x00000000e15443b8) thrown at [/ssd/Android/AOSP-openjdk/external/jetbrains/jdk/hotspot/src/share/vm/prims/jni.cpp, line 1591]
Event: 30,409 Thread 0x00007facfc007000 Exception <a 'java/lang/NoSuchMethodError': <clinit>> (0x00000000e22dca50) thrown at [/ssd/Android/AOSP-openjdk/external/jetbrains/jdk/hotspot/src/share/vm/prims/jni.cpp, line 1591]
Event: 30,414 Thread 0x00007facfc007000 Exception <a 'java/lang/NoSuchMethodError': <clinit>> (0x00000000e22f5260) thrown at [/ssd/Android/AOSP-openjdk/external/jetbrains/jdk/hotspot/src/share/vm/prims/jni.cpp, line 1591]
Event: 30,415 Thread 0x00007facfc007000 Exception <a 'java/lang/NoSuchMethodError': <clinit>> (0x00000000e22f6778) thrown at [/ssd/Android/AOSP-openjdk/external/jetbrains/jdk/hotspot/src/share/vm/prims/jni.cpp, line 1591]
Event: 30,755 Thread 0x00007facfc007000 Exception <a 'java/lang/ClassNotFoundException': com/android/build/gradle/internal/LibraryCache$1BeanInfo> (0x00000000e24e2b28) thrown at [/ssd/Android/AOSP-openjdk/external/jetbrains/jdk/hotspot/src/share/vm/classfile/systemDictionary.cpp, line 210]
Event: 30,755 Thread 0x00007facfc007000 Exception <a 'java/lang/ClassNotFoundException': com/android/build/gradle/internal/LibraryCache$1Customizer> (0x00000000e24f33c0) thrown at [/ssd/Android/AOSP-openjdk/external/jetbrains/jdk/hotspot/src/share/vm/classfile/systemDictionary.cpp, line 210]

Events (10 events):
Event: 44,354 Thread 0x00007facfc007000 DEOPT UNPACKING pc=0x00007fad31046f73 sp=0x00007facf7ef9da8 mode 0
Event: 44,370 Thread 0x00007facfc007000 DEOPT PACKING pc=0x00007fad3243cc70 sp=0x00007facf7efa020
Event: 44,370 Thread 0x00007facfc007000 DEOPT UNPACKING pc=0x00007fad31046f73 sp=0x00007facf7ef9da8 mode 0
Event: 44,397 Thread 0x00007facfc007000 DEOPT PACKING pc=0x00007fad3243cc70 sp=0x00007facf7efa020
Event: 44,397 Thread 0x00007facfc007000 DEOPT UNPACKING pc=0x00007fad31046f73 sp=0x00007facf7ef9da8 mode 0
Event: 44,853 Thread 0x00007facfc007000 DEOPT PACKING pc=0x00007fad324083a4 sp=0x00007facf7efa9a0
Event: 44,853 Thread 0x00007facfc007000 DEOPT UNPACKING pc=0x00007fad31046f73 sp=0x00007facf7efa7c8 mode 0
Event: 45,428 Thread 0x00007facfc007000 DEOPT PACKING pc=0x00007fad3145b9ce sp=0x00007facf7efaa00
Event: 45,428 Thread 0x00007facfc007000 DEOPT UNPACKING pc=0x00007fad31046f73 sp=0x00007facf7efa758 mode 0
Event: 45,451 Executing VM operation: ParallelGCFailedAllocation


Dynamic libraries:
00400000-00401000 r-xp 00000000 fc:00 8915056                            /home/olivier/Documents/android-studio/jre/bin/java
00600000-00601000 r--p 00000000 fc:00 8915056                            /home/olivier/Documents/android-studio/jre/bin/java
00601000-00602000 rw-p 00001000 fc:00 8915056                            /home/olivier/Documents/android-studio/jre/bin/java
00dbb000-00ddc000 rw-p 00000000 00:00 0                                  [heap]
a0000000-a2a00000 rw-p 00000000 00:00 0 
a2a00000-e0000000 ---p 00000000 00:00 0 
e0000000-ecc00000 rw-p 00000000 00:00 0 
ecc00000-100000000 ---p 00000000 00:00 0 
100000000-1006e0000 rw-p 00000000 00:00 0 
1006e0000-140000000 ---p 00000000 00:00 0 
7facf0000000-7facf0fb5000 rw-p 00000000 00:00 0 
7facf0fb5000-7facf4000000 ---p 00000000 00:00 0 
7facf56f3000-7facf58f4000 rw-p 00000000 00:00 0 
7facf58f4000-7facf5af4000 rw-p 00000000 00:00 0 
7facf5af4000-7facf5cf4000 rw-p 00000000 00:00 0 
7facf5cf4000-7facf5ef4000 rw-p 00000000 00:00 0 
7facf5ef4000-7facf60f4000 rw-p 00000000 00:00 0 
7facf60f4000-7facf6107000 r--s 00344000 fc:00 8915078                    /home/olivier/Documents/android-studio/jre/jre/lib/resources.jar
7facf6107000-7facf6307000 rw-p 00000000 00:00 0 
7facf6307000-7facf6507000 rw-p 00000000 00:00 0 
7facf6507000-7facf6707000 rw-p 00000000 00:00 0 
7facf6707000-7facf6907000 rw-p 00000000 00:00 0 
7facf6907000-7facf6b07000 rw-p 00000000 00:00 0 
7facf6b07000-7facf6b32000 r--s 001fc000 fc:00 9570028                    /home/olivier/Documents/android-studio/gradle/m2repository/com/google/guava/guava/18.0/guava-18.0.jar
7facf6b32000-7facf6b33000 r--s 00001000 fc:00 9570099                    /home/olivier/Documents/android-studio/gradle/m2repository/com/android/tools/annotations/25.2.3/annotations-25.2.3.jar
7facf6b33000-7facf6b46000 r--s 000b2000 fc:00 9570258                    /home/olivier/Documents/android-studio/gradle/m2repository/com/android/tools/external/com-intellij/uast/145.597.4/uast-145.597.4.jar
7facf6b46000-7facf6b4e000 r--s 000a8000 fc:00 9044948                    /home/olivier/Documents/android-studio/gradle/m2repository/com/android/tools/external/lombok/lombok-ast/0.2.3/lombok-ast-0.2.3.jar
7facf6b4e000-7facf6b50000 r--s 0000d000 fc:00 9045075                    /home/olivier/Documents/android-studio/gradle/m2repository/commons-codec/commons-codec/1.4/commons-codec-1.4.jar
7facf6b50000-7facf6b52000 r--s 0000d000 fc:00 9044776                    /home/olivier/Documents/android-studio/gradle/m2repository/commons-logging/commons-logging/1.1.1/commons-logging-1.1.1.jar
7facf6b52000-7facf6b57000 r--s 00028000 fc:00 9044763                    /home/olivier/Documents/android-studio/gradle/m2repository/org/apache/httpcomponents/httpcore/4.1/httpcore-4.1.jar
7facf6b57000-7facf6b5b000 r--s 0002f000 fc:00 9570047                    /home/olivier/Documents/android-studio/gradle/m2repository/com/google/jimfs/jimfs/1.1/jimfs-1.1.jar
7facf6b5b000-7facf6b5c000 r--s 00004000 fc:00 9045065                    /home/olivier/Documents/android-studio/gradle/m2repository/com/intellij/annotations/12.0/annotations-12.0.jar
7facf6b5c000-7facf6b5d000 r--s 00004000 fc:00 9183606                    /home/olivier/Documents/android-studio/gradle/m2repository/org/ow2/asm/asm-analysis/5.0.4/asm-analysis-5.0.4.jar
7facf6b5d000-7facf6b61000 r--s 0003b000 fc:00 9570314                    /home/olivier/Documents/android-studio/gradle/m2repository/com/android/tools/lint/lint-api/25.2.3/lint-api-25.2.3.jar
7facf6b61000-7facf6b62000 r--s 0000a000 fc:00 9044786                    /home/olivier/Documents/android-studio/gradle/m2repository/net/sf/kxml/kxml2/2.3.0/kxml2-2.3.0.jar
7facf6b62000-7facf6b64000 r--s 00005000 fc:00 9044754                    /home/olivier/Documents/android-studio/gradle/m2repository/org/apache/httpcomponents/httpmime/4.1/httpmime-4.1.jar
7facf6b64000-7facf6b6c000 r--s 0004e000 fc:00 9044743                    /home/olivier/Documents/android-studio/gradle/m2repository/org/apache/httpcomponents/httpclient/4.1.1/httpclient-4.1.1.jar
7facf6b6c000-7facf6b73000 r--s 00053000 fc:00 9044710                    /home/olivier/Documents/android-studio/gradle/m2repository/org/apache/commons/commons-compress/1.8.1/commons-compress-1.8.1.jar
7facf6b73000-7facf6b78000 r--s 0002a000 fc:00 9044823                    /home/olivier/Documents/android-studio/gradle/m2repository/com/google/code/gson/gson/2.2.4/gson-2.2.4.jar
7facf6b78000-7facf6b7d000 r--s 0002d000 fc:00 9570265                    /home/olivier/Documents/android-studio/gradle/m2repository/com/android/tools/repository/25.2.3/repository-25.2.3.jar
7facf6b7d000-7facf6b7e000 r--s 00005000 fc:00 9570236                    /home/olivier/Documents/android-studio/gradle/m2repository/com/android/tools/dvlib/25.2.3/dvlib-25.2.3.jar
7facf6b7e000-7facf6b81000 r--s 00014000 fc:00 9570194                    /home/olivier/Documents/android-studio/gradle/m2repository/com/android/tools/layoutlib/layoutlib-api/25.2.3/layoutlib-api-25.2.3.jar
7facf6b81000-7facf6b86000 r--s 00058000 fc:00 9044631                    /home/olivier/Documents/android-studio/gradle/m2repository/org/ow2/asm/asm-debug-all/5.0.1/asm-debug-all-5.0.1.jar
7facf6b86000-7facf6b96000 r--s 000d6000 fc:00 9044798                    /home/olivier/Documents/android-studio/gradle/m2repository/net/sf/proguard/proguard-base/5.2.1/proguard-base-5.2.1.jar
7facf6b96000-7facf6b99000 r--s 00033000 fc:00 9044861                    /home/olivier/Documents/android-studio/gradle/m2repository/com/googlecode/juniversalchardet/juniversalchardet/1.0.3/juniversalchardet-1.0.3.jar
7facf6b99000-7facf6b9d000 r--s 0002a000 fc:00 9044586                    /home/olivier/Documents/android-studio/gradle/m2repository/commons-io/commons-io/2.4/commons-io-2.4.jar
7facf6b9d000-7facf6bb4000 r--s 00154000 fc:00 9570012                    /home/olivier/Documents/android-studio/gradle/m2repository/org/antlr/antlr4/4.5.3/antlr4-4.5.3.jar
7facf6bb4000-7facf6bb5000 r--s 00002000 fc:00 9570062                    /home/olivier/Documents/android-studio/gradle/m2repository/com/android/databinding/baseLibrary/2.2.3/baseLibrary-2.2.3.jar
7facf6bb5000-7facf6bc8000 r--s 00236000 fc:00 9308905                    /home/olivier/Documents/android-studio/gradle/m2repository/org/eclipse/jdt/core/compiler/ecj/4.5.1/ecj-4.5.1.jar
7facf6bc8000-7facf6bcf000 r--s 000c3000 fc:00 9570295                    /home/olivier/Documents/android-studio/gradle/m2repository/com/android/tools/lint/lint-checks/25.2.3/lint-checks-25.2.3.jar
7facf6bcf000-7facf6bd1000 r--s 00006000 fc:00 9183608                    /home/olivier/Documents/android-studio/gradle/m2repository/org/ow2/asm/asm-tree/5.0.4/asm-tree-5.0.4.jar
7facf6bd1000-7facf6c04000 r--s 00203000 fc:00 9044702                    /home/olivier/Documents/android-studio/gradle/m2repository/org/bouncycastle/bcprov-jdk15on/1.48/bcprov-jdk15on-1.48.jar
7facf6c04000-7facf6c12000 r--s 00081000 fc:00 9044697                    /home/olivier/Documents/android-studio/gradle/m2repository/org/bouncycastle/bcpkix-jdk15on/1.48/bcpkix-jdk15on-1.48.jar
7facf6c12000-7facf6c14000 r--s 00002000 fc:00 9045061                    /home/olivier/Documents/android-studio/gradle/m2repository/com/squareup/javawriter/2.5.0/javawriter-2.5.0.jar
7facf6c14000-7facf6c15000 r--s 00002000 fc:00 9570276                    /home/olivier/Documents/android-studio/gradle/m2repository/com/android/tools/analytics-library/tracker/25.2.3/tracker-25.2.3.jar
7facf6c15000-7facf6c17000 r--s 00003000 fc:00 9570290                    /home/olivier/Documents/android-studio/gradle/m2repository/com/android/tools/analytics-library/shared/25.2.3/shared-25.2.3.jar
7facf6c17000-7facf6c24000 r--s 000ed000 fc:00 9570283                    /home/olivier/Documents/android-studio/gradle/m2repository/com/android/tools/analytics-library/protos/25.2.3/protos-25.2.3.jar
7facf6c24000-7facf6c25000 r--s 00001000 fc:00 9570203                    /home/olivier/Documents/android-studio/gradle/m2repository/com/android/tools/jill/jill-api/0.10.0/jill-api-0.10.0.jar
7facf6c25000-7facf6c27000 r--s 00003000 fc:00 9570335                    /home/olivier/Documents/android-studio/gradle/m2repository/com/android/tools/jack/jack-api/0.11.0/jack-api-0.11.0.jar
7facf6c27000-7facf6c2c000 r--s 0004a000 fc:00 9570215                    /home/olivier/Documents/android-studio/gradle/m2repository/com/android/tools/ddms/ddmlib/25.2.3/ddmlib-25.2.3.jar
7facf6c2c000-7facf6c2f000 r--s 00021000 fc:00 9570156                    /home/olivier/Documents/android-studio/gradle/m2repository/com/android/tools/build/manifest-merger/25.2.3/manifest-merger-25.2.3.jar
7facf6c2f000-7facf6c31000 r--s 0001c000 fc:00 9570337                    /home/olivier/Documents/android-studio/gradle/m2repository/com/android/tools/common/25.2.3/common-25.2.3.jar
7facf6c31000-7facf6c39000 r--s 00084000 fc:00 9570207                    /home/olivier/Documents/android-studio/gradle/m2repository/com/android/tools/sdk-common/25.2.3/sdk-common-25.2.3.jar
7facf6c39000-7facf6c44000 r--s 0008e000 fc:00 9570322                    /home/olivier/Documents/android-studio/gradle/m2repository/com/android/tools/sdklib/25.2.3/sdklib-25.2.3.jar
7facf6c44000-7facf6c45000 r--s 00002000 fc:00 9570135                    /home/olivier/Documents/android-studio/gradle/m2repository/com/android/tools/build/builder-test-api/2.2.3/builder-test-api-2.2.3.jar
7facf6c45000-7facf6c48000 r--s 00005000 fc:00 9570180                    /home/olivier/Documents/android-studio/gradle/m2repository/com/android/tools/build/builder-model/2.2.3/builder-model-2.2.3.jar
7facf6c48000-7facf6c50000 r--s 0007b000 fc:00 9570036                    /home/olivier/Documents/android-studio/gradle/m2repository/com/google/protobuf/protobuf-java/2.5.0/protobuf-java-2.5.0.jar
7facf6c50000-7facf6c52000 r--s 0000f000 fc:00 9570348                    /home/olivier/Documents/android-studio/gradle/m2repository/net/sf/jopt-simple/jopt-simple/4.9/jopt-simple-4.9.jar
7facf6c52000-7facf6c56000 r--s 0001f000 fc:00 9308916                    /home/olivier/Documents/android-studio/gradle/m2repository/org/jacoco/org.jacoco.report/0.7.5.201505241946/org.jacoco.report-0.7.5.201505241946.jar
7facf6c56000-7facf6c5a000 r--s 0001d000 fc:00 9570018                    /home/olivier/Documents/android-studio/gradle/m2repository/org/jacoco/org.jacoco.core/0.7.5.201505241946/org.jacoco.core-0.7.5.201505241946.jar
7facf6c5a000-7facf6c5b000 r--s 00002000 fc:00 9044813                    /home/olivier/Documents/android-studio/gradle/m2repository/net/sf/proguard/proguard-gradle/5.2.1/proguard-gradle-5.2.1.jar
7facf6c5b000-7facf6c5d000 r--s 00009000 fc:00 9183616                    /home/olivier/Documents/android-studio/gradle/m2repository/org/ow2/asm/asm-commons/5.0.4/asm-commons-5.0.4.jar
7facf6c5d000-7facf6c61000 r--s 0002b000 fc:00 9570088                    /home/olivier/Documents/android-studio/gradle/m2repository/com/android/databinding/compilerCommon/2.2.3/compilerCommon-2.2.3.jar
7facf6c61000-7facf6c66000 r--s 00053000 fc:00 9570304                    /home/olivier/Documents/android-studio/gradle/m2repository/com/android/tools/lint/lint/25.2.3/lint-25.2.3.jar
7facf6c66000-7facf6c83000 r--s 0019d000 fc:00 9570167                    /home/olivier/Documents/android-studio/gradle/m2repository/com/android/tools/build/gradle-core/2.2.3/gradle-core-2.2.3.jar
7facf6c83000-7facf6e83000 rw-p 00000000 00:00 0 
7facf6e83000-7facf6e86000 ---p 00000000 00:00 0 
7facf6e86000-7facf7184000 rw-p 00000000 00:00 0                          [stack:5948]
7facf7184000-7facf7384000 rw-p 00000000 00:00 0 
7facf7384000-7facf7584000 rw-p 00000000 00:00 0 
7facf7584000-7facf7784000 rw-p 00000000 00:00 0 
7facf7784000-7facf7984000 rw-p 00000000 00:00 0 
7facf7984000-7facf7b84000 rw-p 00000000 00:00 0 
7facf7b84000-7facf7bfc000 r--s 010eb000 fc:00 8915021                    /home/olivier/Documents/android-studio/jre/lib/tools.jar
7facf7bfc000-7facf7bff000 ---p 00000000 00:00 0 
7facf7bff000-7facf7cfd000 rw-p 00000000 00:00 0                          [stack:5942]
7facf7cfd000-7facf7d00000 ---p 00000000 00:00 0 
7facf7d00000-7facf7dfe000 rw-p 00000000 00:00 0                          [stack:5941]
7facf7dfe000-7facf7e01000 ---p 00000000 00:00 0 
7facf7e01000-7facf7eff000 rw-p 00000000 00:00 0                          [stack:5938]
7facf7eff000-7facf7f02000 ---p 00000000 00:00 0 
7facf7f02000-7facf8000000 rw-p 00000000 00:00 0                          [stack:5937]
7facf8000000-7facf8021000 rw-p 00000000 00:00 0 
7facf8021000-7facfc000000 ---p 00000000 00:00 0 
7facfc000000-7facfc021000 rw-p 00000000 00:00 0 
7facfc021000-7fad00000000 ---p 00000000 00:00 0 
7fad00000000-7fad00021000 rw-p 00000000 00:00 0 
7fad00021000-7fad04000000 ---p 00000000 00:00 0 
7fad04000000-7fad04064000 rw-p 00000000 00:00 0 
7fad04064000-7fad08000000 ---p 00000000 00:00 0 
7fad08000000-7fad08bc3000 rw-p 00000000 00:00 0 
7fad08bc3000-7fad0c000000 ---p 00000000 00:00 0 
7fad0c000000-7fad0c021000 rw-p 00000000 00:00 0 
7fad0c021000-7fad10000000 ---p 00000000 00:00 0 
7fad10000000-7fad10021000 rw-p 00000000 00:00 0 
7fad10021000-7fad14000000 ---p 00000000 00:00 0 
7fad14000000-7fad15841000 rw-p 00000000 00:00 0 
7fad15841000-7fad18000000 ---p 00000000 00:00 0 
7fad18000000-7fad18021000 rw-p 00000000 00:00 0 
7fad18021000-7fad1c000000 ---p 00000000 00:00 0 
7fad1c000000-7fad1c021000 rw-p 00000000 00:00 0 
7fad1c021000-7fad20000000 ---p 00000000 00:00 0 
7fad20000000-7fad202e1000 rw-p 00000000 00:00 0 
7fad202e1000-7fad24000000 ---p 00000000 00:00 0 
7fad24000000-7fad24021000 rw-p 00000000 00:00 0 
7fad24021000-7fad28000000 ---p 00000000 00:00 0 
7fad28000000-7fad2804b000 rw-p 00000000 00:00 0 
7fad2804b000-7fad2c000000 ---p 00000000 00:00 0 
7fad2c000000-7fad2c002000 r--s 0000c000 fc:00 9183620                    /home/olivier/Documents/android-studio/gradle/m2repository/org/ow2/asm/asm/5.0.4/asm-5.0.4.jar
7fad2c002000-7fad2c003000 r--s 00002000 fc:00 9570149                    /home/olivier/Documents/android-studio/gradle/m2repository/com/android/tools/build/gradle-api/2.2.3/gradle-api-2.2.3.jar
7fad2c003000-7fad2c004000 r--s 00000000 fc:00 9570173                    /home/olivier/Documents/android-studio/gradle/m2repository/com/android/tools/build/transform-api/2.0.0-deprecated-use-gradle-api/transform-api-2.0.0-deprecated-use-gradle-api.jar
7fad2c004000-7fad2c01b000 r--s 0015e000 fc:00 9570127                    /home/olivier/Documents/android-studio/gradle/m2repository/com/android/tools/build/builder/2.2.3/builder-2.2.3.jar
7fad2c01b000-7fad2c01d000 r--s 0000d000 fc:00 9570188                    /home/olivier/Documents/android-studio/gradle/m2repository/com/android/tools/build/gradle/2.2.3/gradle-2.2.3.jar
7fad2c01d000-7fad2c020000 ---p 00000000 00:00 0 
7fad2c020000-7fad2c056000 rw-p 00000000 00:00 0                          [stack:5946]
7fad2c056000-7fad2c057000 r--p 00000000 00:00 0 
7fad2c057000-7fad2c05a000 ---p 00000000 00:00 0 
7fad2c05a000-7fad2c158000 rw-p 00000000 00:00 0                          [stack:5936]
7fad2c158000-7fad2c15b000 ---p 00000000 00:00 0 
7fad2c15b000-7fad2c259000 rw-p 00000000 00:00 0                          [stack:5935]
7fad2c259000-7fad2c25c000 ---p 00000000 00:00 0 
7fad2c25c000-7fad2c55a000 rw-p 00000000 00:00 0                          [stack:5934]
7fad2c55a000-7fad2c561000 r--s 00000000 fc:00 5637106                    /usr/lib/x86_64-linux-gnu/gconv/gconv-modules.cache
7fad2c561000-7fad2c564000 ---p 00000000 00:00 0 
7fad2c564000-7fad2c662000 rw-p 00000000 00:00 0                          [stack:5933]
7fad2c662000-7fad2c66b000 r-xp 00000000 fc:00 8916572                    /home/olivier/Documents/android-studio/jre/jre/lib/amd64/libmanagement.so
7fad2c66b000-7fad2c86a000 ---p 00009000 fc:00 8916572                    /home/olivier/Documents/android-studio/jre/jre/lib/amd64/libmanagement.so
7fad2c86a000-7fad2c86b000 r--p 00008000 fc:00 8916572                    /home/olivier/Documents/android-studio/jre/jre/lib/amd64/libmanagement.so
7fad2c86b000-7fad2c86c000 rw-p 00009000 fc:00 8916572                    /home/olivier/Documents/android-studio/jre/jre/lib/amd64/libmanagement.so
7fad2c86c000-7fad2c870000 r--s 00097000 fc:00 8915261                    /home/olivier/Documents/android-studio/jre/jre/lib/jsse.jar
7fad2c870000-7fad2c872000 r--s 00007000 fc:00 9051214                    /home/olivier/Documents/android-studio/gradle/gradle-2.14.1/lib/plugins/gradle-tooling-api-builders-2.14.1.jar
7fad2c872000-7fad2c875000 r--s 00008000 fc:00 9051209                    /home/olivier/Documents/android-studio/gradle/gradle-2.14.1/lib/plugins/gradle-testing-native-2.14.1.jar
7fad2c875000-7fad2c877000 r--s 00009000 fc:00 9051371                    /home/olivier/Documents/android-studio/gradle/gradle-2.14.1/lib/plugins/hamcrest-core-1.3.jar
7fad2c877000-7fad2c87d000 r--s 00033000 fc:00 9051325                    /home/olivier/Documents/android-studio/gradle/gradle-2.14.1/lib/plugins/snakeyaml-1.6.jar
7fad2c87d000-7fad2c87f000 r--s 00006000 fc:00 9051336                    /home/olivier/Documents/android-studio/gradle/gradle-2.14.1/lib/plugins/jcommander-1.12.jar
7fad2c87f000-7fad2c884000 r--s 00040000 fc:00 9051324                    /home/olivier/Documents/android-studio/gradle/gradle-2.14.1/lib/plugins/bsh-2.0b4.jar
7fad2c884000-7fad2c88d000 r--s 00089000 fc:00 9051339                    /home/olivier/Documents/android-studio/gradle/gradle-2.14.1/lib/plugins/testng-6.3.1.jar
7fad2c88d000-7fad2c895000 r--s 00045000 fc:00 9051343                    /home/olivier/Documents/android-studio/gradle/gradle-2.14.1/lib/plugins/junit-4.12.jar
7fad2c895000-7fad2c89b000 r--s 0002e000 fc:00 9051219                    /home/olivier/Documents/android-studio/gradle/gradle-2.14.1/lib/plugins/gradle-testing-jvm-2.14.1.jar
7fad2c89b000-7fad2c8a0000 r--s 00015000 fc:00 9051223                    /home/olivier/Documents/android-studio/gradle/gradle-2.14.1/lib/plugins/gradle-testing-base-2.14.1.jar
7fad2c8a0000-7fad2c8a1000 r--s 00002000 fc:00 9051342                    /home/olivier/Documents/android-studio/gradle/gradle-2.14.1/lib/plugins/sonar-batch-bootstrapper-2.9.jar
7fad2c8a1000-7fad2c8a4000 r--s 00015000 fc:00 9051218                    /home/olivier/Documents/android-studio/gradle/gradle-2.14.1/lib/plugins/gradle-sonar-2.14.1.jar
7fad2c8a4000-7fad2c8ab000 r--s 00038000 fc:00 9051356                    /home/olivier/Documents/android-studio/gradle/gradle-2.14.1/lib/plugins/bcpg-jdk15on-1.51.jar
7fad2c8ab000-7fad2c8ad000 r--s 0000d000 fc:00 9051233                    /home/olivier/Documents/android-studio/gradle/gradle-2.14.1/lib/plugins/gradle-signing-2.14.1.jar
7fad2c8ad000-7fad2c8b0000 r--s 00009000 fc:00 9051227                    /home/olivier/Documents/android-studio/gradle/gradle-2.14.1/lib/plugins/gradle-scala-2.14.1.jar
7fad2c8b0000-7fad2c8b1000 r--s 00004000 fc:00 9051235                    /home/olivier/Documents/android-studio/gradle/gradle-2.14.1/lib/plugins/gradle-resources-sftp-2.14.1.jar
7fad2c8b1000-7fad2c8c1000 r--s 00088000 fc:00 9051329                    /home/olivier/Documents/android-studio/gradle/gradle-2.14.1/lib/plugins/joda-time-2.8.2.jar
7fad2c8c1000-7fad2c8d2000 r--s 000cf000 fc:00 9051375                    /home/olivier/Documents/android-studio/gradle/gradle-2.14.1/lib/plugins/jackson-databind-2.3.2.jar
7fad2c8d2000-7fad2c8d4000 r--s 00007000 fc:00 9051352                    /home/olivier/Documents/android-studio/gradle/gradle-2.14.1/lib/plugins/jackson-annotations-2.3.2.jar
7fad2c8d4000-7fad2c8d7000 r--s 0002e000 fc:00 9051358                    /home/olivier/Documents/android-studio/gradle/gradle-2.14.1/lib/plugins/jackson-core-2.3.2.jar
7fad2c8d7000-7fad2c8e2000 r--s 0006b000 fc:00 9051383                    /home/olivier/Documents/android-studio/gradle/gradle-2.14.1/lib/plugins/aws-java-sdk-core-1.9.19.jar
7fad2c8e2000-7fad2c8e8000 r--s 00036000 fc:00 9051351                    /home/olivier/Documents/android-studio/gradle/gradle-2.14.1/lib/plugins/aws-java-sdk-kms-1.9.19.jar
7fad2c8e8000-7fad2c8f3000 r--s 00079000 fc:00 9051341                    /home/olivier/Documents/android-studio/gradle/gradle-2.14.1/lib/plugins/aws-java-sdk-s3-1.9.19.jar
7fad2c8f3000-7fad2c8f4000 r--s 00003000 fc:00 9051241                    /home/olivier/Documents/android-studio/gradle/gradle-2.14.1/lib/plugins/gradle-resources-s3-2.14.1.jar
7fad2c8f4000-7fad2c8f6000 r--s 00005000 fc:00 9051370                    /home/olivier/Documents/android-studio/gradle/gradle-2.14.1/lib/plugins/jatl-0.2.2.jar
7fad2c8f6000-7fad2c8f8000 r--s 0000f000 fc:00 9051247                    /home/olivier/Documents/android-studio/gradle/gradle-2.14.1/lib/plugins/gradle-reporting-2.14.1.jar
7fad2c8f8000-7fad2c8fa000 r--s 00002000 fc:00 9051229                    /home/olivier/Documents/android-studio/gradle/gradle-2.14.1/lib/plugins/gradle-publish-2.14.1.jar
7fad2c8fa000-7fad2c8fc000 r--s 00009000 fc:00 9051334                    /home/olivier/Documents/android-studio/gradle/gradle-2.14.1/lib/plugins/commons-cli-1.2.jar
7fad2c8fc000-7fad2c902000 r--s 00033000 fc:00 9051226                    /home/olivier/Documents/android-studio/gradle/gradle-2.14.1/lib/plugins/gradle-plugins-2.14.1.jar
7fad2c902000-7fad2c904000 r--s 00007000 fc:00 9051211                    /home/olivier/Documents/android-studio/gradle/gradle-2.14.1/lib/plugins/gradle-plugin-development-2.14.1.jar
7fad2c904000-7fad2c90a000 r--s 0002a000 fc:00 9051232                    /home/olivier/Documents/android-studio/gradle/gradle-2.14.1/lib/plugins/gradle-platform-play-2.14.1.jar
7fad2c90a000-7fad2c917000 r--s 0004d000 fc:00 9051231                    /home/olivier/Documents/android-studio/gradle/gradle-2.14.1/lib/plugins/gradle-platform-native-2.14.1.jar
7fad2c917000-7fad2c91b000 r--s 0001a000 fc:00 9051240                    /home/olivier/Documents/android-studio/gradle/gradle-2.14.1/lib/plugins/gradle-platform-jvm-2.14.1.jar
7fad2c91b000-7fad2c922000 r--s 00029000 fc:00 9051225                    /home/olivier/Documents/android-studio/gradle/gradle-2.14.1/lib/plugins/gradle-platform-base-2.14.1.jar
7fad2c922000-7fad2c943000 r--s 001c3000 fc:00 9051322                    /home/olivier/Documents/android-studio/gradle/gradle-2.14.1/lib/plugins/bndlib-2.4.0.jar
7fad2c943000-7fad2c945000 r--s 00003000 fc:00 9051242                    /home/olivier/Documents/android-studio/gradle/gradle-2.14.1/lib/plugins/gradle-osgi-2.14.1.jar
7fad2c945000-7fad2c948000 r--s 0000c000 fc:00 9051378                    /home/olivier/Documents/android-studio/gradle/gradle-2.14.1/lib/plugins/pmaven-groovy-0.8-20100325.jar
7fad2c948000-7fad2c949000 r--s 00004000 fc:00 9051369                    /home/olivier/Documents/android-studio/gradle/gradle-2.14.1/lib/plugins/pmaven-common-0.8-20100325.jar
7fad2c949000-7fad2c94f000 r--s 00022000 fc:00 9051224                    /home/olivier/Documents/android-studio/gradle/gradle-2.14.1/lib/plugins/gradle-maven-2.14.1.jar
7fad2c94f000-7fad2c951000 r--s 0000a000 fc:00 9051216                    /home/olivier/Documents/android-studio/gradle/gradle-2.14.1/lib/plugins/gradle-language-scala-2.14.1.jar
7fad2c951000-7fad2c957000 r--s 0001a000 fc:00 9051220                    /home/olivier/Documents/android-studio/gradle/gradle-2.14.1/lib/plugins/gradle-language-native-2.14.1.jar
7fad2c957000-7fad2c959000 r--s 00008000 fc:00 9051213                    /home/olivier/Documents/android-studio/gradle/gradle-2.14.1/lib/plugins/gradle-language-jvm-2.14.1.jar
7fad2c959000-7fad2c95f000 r--s 00024000 fc:00 9051238                    /home/olivier/Documents/android-studio/gradle/gradle-2.14.1/lib/plugins/gradle-language-java-2.14.1.jar
7fad2c95f000-7fad2c961000 r--s 0000a000 fc:00 9051230                    /home/olivier/Documents/android-studio/gradle/gradle-2.14.1/lib/plugins/gradle-language-groovy-2.14.1.jar
7fad2c961000-7fad2c964000 r--s 0001e000 fc:00 9051320                    /home/olivier/Documents/android-studio/gradle/gradle-2.14.1/lib/plugins/jsp-api-2.1-6.1.14.jar
7fad2c964000-7fad2c987000 r--s 00344000 fc:00 9051353                    /home/olivier/Documents/android-studio/gradle/gradle-2.14.1/lib/plugins/core-3.1.1.jar
7fad2c987000-7fad2c988000 r--s 00006000 fc:00 9051376                    /home/olivier/Documents/android-studio/gradle/gradle-2.14.1/lib/plugins/jetty-naming-6.1.25.jar
7fad2c988000-7fad2c989000 r--s 00002000 fc:00 9051349                    /home/olivier/Documents/android-studio/gradle/gradle-2.14.1/lib/plugins/geronimo-annotation_1.0_spec-1.0.jar
7fad2c989000-7fad2c98b000 r--s 00002000 fc:00 9051373                    /home/olivier/Documents/android-studio/gradle/gradle-2.14.1/lib/plugins/jetty-annotations-6.1.25.jar
7fad2c98b000-7fad2c99c000 r--s 000ea000 fc:00 9051379                    /home/olivier/Documents/android-studio/gradle/gradle-2.14.1/lib/plugins/jsp-2.1-6.1.14.jar
7fad2c99c000-7fad2c99e000 r--s 0000d000 fc:00 9051354                    /home/olivier/Documents/android-studio/gradle/gradle-2.14.1/lib/plugins/jetty-plus-6.1.25.jar
7fad2c99e000-7fad2c9a0000 r--s 0001f000 fc:00 9051387                    /home/olivier/Documents/android-studio/gradle/gradle-2.14.1/lib/plugins/servlet-api-2.5-20081211.jar
7fad2c9a0000-7fad2c9a4000 r--s 00028000 fc:00 9051337                    /home/olivier/Documents/android-studio/gradle/gradle-2.14.1/lib/plugins/jetty-util-6.1.25.jar
7fad2c9a4000-7fad2c9ab000 r--s 0007d000 fc:00 9051344                    /home/olivier/Documents/android-studio/gradle/gradle-2.14.1/lib/plugins/jetty-6.1.25.jar
7fad2c9ab000-7fad2c9ad000 r--s 00009000 fc:00 9051245                    /home/olivier/Documents/android-studio/gradle/gradle-2.14.1/lib/plugins/gradle-jetty-2.14.1.jar
7fad2c9ad000-7fad2c9b4000 r--s 00035000 fc:00 9051384                    /home/olivier/Documents/android-studio/gradle/gradle-2.14.1/lib/plugins/simple-4.1.21.jar
7fad2c9b4000-7fad2c9c0000 r--s 00100000 fc:00 9051330                    /home/olivier/Documents/android-studio/gradle/gradle-2.14.1/lib/plugins/rhino-1.7R3.jar
7fad2c9c0000-7fad2c9c4000 r--s 00011000 fc:00 9051237                    /home/olivier/Documents/android-studio/gradle/gradle-2.14.1/lib/plugins/gradle-javascript-2.14.1.jar
7fad2c9c4000-7fad2c9c6000 r--s 0000c000 fc:00 9051254                    /home/olivier/Documents/android-studio/gradle/gradle-2.14.1/lib/plugins/gradle-jacoco-2.14.1.jar
7fad2c9c6000-7fad2c9c9000 r--s 0000e000 fc:00 9051253                    /home/olivier/Documents/android-studio/gradle/gradle-2.14.1/lib/plugins/gradle-ivy-2.14.1.jar
7fad2c9c9000-7fad2c9ca000 r--s 00002000 fc:00 9051249                    /home/olivier/Documents/android-studio/gradle/gradle-2.14.1/lib/plugins/gradle-ide-play-2.14.1.jar
7fad2c9ca000-7fad2c9cf000 r--s 0002b000 fc:00 9051246                    /home/olivier/Documents/android-studio/gradle/gradle-2.14.1/lib/plugins/gradle-ide-native-2.14.1.jar
7fad2c9cf000-7fad2c9da000 r--s 00066000 fc:00 9051217                    /home/olivier/Documents/android-studio/gradle/gradle-2.14.1/lib/plugins/gradle-ide-2.14.1.jar
7fad2c9da000-7fad2c9db000 r--s 00008000 fc:00 9051215                    /home/olivier/Documents/android-studio/gradle/gradle-2.14.1/lib/plugins/gradle-ear-2.14.1.jar
7fad2c9db000-7fad2c9e1000 r--s 00032000 fc:00 9051222                    /home/olivier/Documents/android-studio/gradle/gradle-2.14.1/lib/plugins/gradle-diagnostics-2.14.1.jar
7fad2c9e1000-7fad2c9e5000 r--s 00021000 fc:00 9051248                    /home/olivier/Documents/android-studio/gradle/gradle-2.14.1/lib/plugins/gradle-code-quality-2.14.1.jar
7fad2c9e5000-7fad2c9e9000 r--s 0001f000 fc:00 9051221                    /home/olivier/Documents/android-studio/gradle/gradle-2.14.1/lib/plugins/gradle-build-init-2.14.1.jar
7fad2c9e9000-7fad2c9f0000 r--s 0008e000 fc:00 9051251                    /home/olivier/Documents/android-studio/gradle/gradle-2.14.1/lib/plugins/gradle-build-comparison-2.14.1.jar
7fad2c9f0000-7fad2c9f2000 r--s 00008000 fc:00 9051239                    /home/olivier/Documents/android-studio/gradle/gradle-2.14.1/lib/plugins/gradle-antlr-2.14.1.jar
7fad2c9f2000-7fad2c9f4000 r--s 00004000 fc:00 9051252                    /home/olivier/Documents/android-studio/gradle/gradle-2.14.1/lib/plugins/gradle-announce-2.14.1.jar
7fad2c9f4000-7fad2ca0c000 r--s 00115000 fc:00 9051347                    /home/olivier/Documents/android-studio/gradle/gradle-2.14.1/lib/plugins/xercesImpl-2.9.1.jar
7fad2ca0c000-7fad2ca14000 r--s 00028000 fc:00 9051366                    /home/olivier/Documents/android-studio/gradle/gradle-2.14.1/lib/plugins/xml-apis-1.3.04.jar
7fad2ca14000-7fad2ca1a000 r--s 0005b000 fc:00 9051359                    /home/olivier/Documents/android-studio/gradle/gradle-2.14.1/lib/plugins/jcifs-1.3.17.jar
7fad2ca1a000-7fad2ca21000 r--s 00049000 fc:00 9051236                    /home/olivier/Documents/android-studio/gradle/gradle-2.14.1/lib/plugins/httpcore-4.4.4.jar
7fad2ca21000-7fad2ca27000 r--s 00033000 fc:00 9051328                    /home/olivier/Documents/android-studio/gradle/gradle-2.14.1/lib/plugins/commons-codec-1.6.jar
7fad2ca27000-7fad2ca2a000 r--s 0001c000 fc:00 9051326                    /home/olivier/Documents/android-studio/gradle/gradle-2.14.1/lib/plugins/nekohtml-1.9.14.jar
7fad2ca2a000-7fad2ca37000 r--s 000a4000 fc:00 9051243                    /home/olivier/Documents/android-studio/gradle/gradle-2.14.1/lib/plugins/httpclient-4.4.1.jar
7fad2ca37000-7fad2ca39000 r--s 0000a000 fc:00 9051210                    /home/olivier/Documents/android-studio/gradle/gradle-2.14.1/lib/plugins/gradle-resources-http-2.14.1.jar
7fad2ca39000-7fad2ca3d000 r--s 00014000 fc:00 9051234                    /home/olivier/Documents/android-studio/gradle/gradle-2.14.1/lib/plugins/gradle-plugin-use-2.14.1.jar
7fad2ca3d000-7fad2ca3e000 r--s 00000000 fc:00 9051191                    /home/olivier/Documents/android-studio/gradle/gradle-2.14.1/lib/gradle-installation-beacon-2.14.1.jar
7fad2ca3e000-7fad2ca3f000 r--s 00007000 fc:00 9051335                    /home/olivier/Documents/android-studio/gradle/gradle-2.14.1/lib/plugins/wagon-http-shared4-2.4.jar
7fad2ca3f000-7fad2ca43000 r--s 00033000 fc:00 9051372                    /home/olivier/Documents/android-studio/gradle/gradle-2.14.1/lib/plugins/plexus-utils-2.0.6.jar
7fad2ca43000-7fad2ca47000 r--s 00021000 fc:00 9051361                    /home/olivier/Documents/android-studio/gradle/gradle-2.14.1/lib/plugins/maven-model-builder-3.0.4.jar
7fad2ca47000-7fad2ca48000 r--s 00002000 fc:00 9051327                    /home/olivier/Documents/android-studio/gradle/gradle-2.14.1/lib/plugins/wagon-file-2.4.jar
7fad2ca48000-7fad2ca4a000 r--s 00002000 fc:00 9051368                    /home/olivier/Documents/android-studio/gradle/gradle-2.14.1/lib/plugins/plexus-cipher-1.7.jar
7fad2ca4a000-7fad2ca4d000 r--s 00013000 fc:00 9051386                    /home/olivier/Documents/android-studio/gradle/gradle-2.14.1/lib/plugins/aether-api-1.13.1.jar
7fad2ca4d000-7fad2ca4f000 r--s 0000a000 fc:00 9051338                    /home/olivier/Documents/android-studio/gradle/gradle-2.14.1/lib/plugins/maven-settings-3.0.4.jar
7fad2ca4f000-7fad2ca51000 r--s 0000d000 fc:00 9051362                    /home/olivier/Documents/android-studio/gradle/gradle-2.14.1/lib/plugins/plexus-interpolation-1.14.jar
7fad2ca51000-7fad2ca53000 r--s 0000b000 fc:00 9051377                    /home/olivier/Documents/android-studio/gradle/gradle-2.14.1/lib/plugins/maven-artifact-3.0.4.jar
7fad2ca53000-7fad2ca5a000 r--s 0002e000 fc:00 9051332                    /home/olivier/Documents/android-studio/gradle/gradle-2.14.1/lib/plugins/plexus-container-default-1.5.5.jar
7fad2ca5a000-7fad2ca5c000 r--s 0000b000 fc:00 9051355                    /home/olivier/Documents/android-studio/gradle/gradle-2.14.1/lib/plugins/maven-plugin-api-3.0.4.jar
7fad2ca5c000-7fad2ca5e000 r--s 00000000 fc:00 9051357                    /home/olivier/Documents/android-studio/gradle/gradle-2.14.1/lib/plugins/plexus-component-annotations-1.5.5.jar
7fad2ca5e000-7fad2ca64000 r--s 0003f000 fc:00 9051363                    /home/olivier/Documents/android-studio/gradle/gradle-2.14.1/lib/plugins/maven-compat-3.0.4.jar
7fad2ca64000-7fad2ca67000 r--s 00008000 fc:00 9051345                    /home/olivier/Documents/android-studio/gradle/gradle-2.14.1/lib/plugins/maven-settings-builder-3.0.4.jar
7fad2ca67000-7fad2ca69000 r--s 00026000 fc:00 9051385                    /home/olivier/Documents/android-studio/gradle/gradle-2.14.1/lib/plugins/maven-model-3.0.4.jar
7fad2ca69000-7fad2ca6b000 r--s 00006000 fc:00 9051374                    /home/olivier/Documents/android-studio/gradle/gradle-2.14.1/lib/plugins/aether-connector-wagon-1.13.1.jar
7fad2ca6b000-7fad2ca6d000 r--s 0000a000 fc:00 9051333                    /home/olivier/Documents/android-studio/gradle/gradle-2.14.1/lib/plugins/plexus-classworlds-2.4.jar
7fad2ca6d000-7fad2ca6f000 r--s 00006000 fc:00 9051364                    /home/olivier/Documents/android-studio/gradle/gradle-2.14.1/lib/plugins/maven-repository-metadata-3.0.4.jar
7fad2ca6f000-7fad2ca71000 r--s 0000c000 fc:00 9051348                    /home/olivier/Documents/android-studio/gradle/gradle-2.14.1/lib/plugins/maven-aether-provider-3.0.4.jar
7fad2ca71000-7fad2ca73000 r--s 0000b000 fc:00 9051340                    /home/olivier/Documents/android-studio/gradle/gradle-2.14.1/lib/plugins/wagon-provider-api-2.4.jar
7fad2ca73000-7fad2ca77000 r--s 0001c000 fc:00 9051380                    /home/olivier/Documents/android-studio/gradle/gradle-2.14.1/lib/plugins/aether-util-1.13.1.jar
7fad2ca77000-7fad2ca7a000 r--s 0001d000 fc:00 9051360                    /home/olivier/Documents/android-studio/gradle/gradle-2.14.1/lib/plugins/aether-impl-1.13.1.jar
7fad2ca7a000-7fad2ca7f000 r--s 00040000 fc:00 9051212                    /home/olivier/Documents/android-studio/gradle/gradle-2.14.1/lib/plugins/jsch-0.1.53.jar
7fad2ca7f000-7fad2cabf000 r--s 00277000 fc:00 9051323                    /home/olivier/Documents/android-studio/gradle/gradle-2.14.1/lib/plugins/bcprov-jdk15on-1.51.jar
7fad2cabf000-7fad2cac3000 r--s 0001d000 fc:00 9051350                    /home/olivier/Documents/android-studio/gradle/gradle-2.14.1/lib/plugins/xbean-reflect-3.4.jar
7fad2cac3000-7fad2cacf000 r--s 0007d000 fc:00 9051367                    /home/olivier/Documents/android-studio/gradle/gradle-2.14.1/lib/plugins/maven-core-3.0.4.jar
7fad2cacf000-7fad2caeb000 r--s 000d3000 fc:00 9051228                    /home/olivier/Documents/android-studio/gradle/gradle-2.14.1/lib/plugins/gradle-dependency-management-2.14.1.jar
7fad2caeb000-7fad2cb01000 r-xp 00000000 fc:00 9179272                    /lib/x86_64-linux-gnu/libgcc_s.so.1
7fad2cb01000-7fad2cd00000 ---p 00016000 fc:00 9179272                    /lib/x86_64-linux-gnu/libgcc_s.so.1
7fad2cd00000-7fad2cd01000 rw-p 00015000 fc:00 9179272                    /lib/x86_64-linux-gnu/libgcc_s.so.1
7fad2cd01000-7fad2cde7000 r-xp 00000000 fc:00 5243058                    /usr/lib/x86_64-linux-gnu/libstdc++.so.6.0.19
7fad2cde7000-7fad2cfe6000 ---p 000e6000 fc:00 5243058                    /usr/lib/x86_64-linux-gnu/libstdc++.so.6.0.19
7fad2cfe6000-7fad2cfee000 r--p 000e5000 fc:00 5243058                    /usr/lib/x86_64-linux-gnu/libstdc++.so.6.0.19
7fad2cfee000-7fad2cff0000 rw-p 000ed000 fc:00 5243058                    /usr/lib/x86_64-linux-gnu/libstdc++.so.6.0.19
7fad2cff0000-7fad2d005000 rw-p 00000000 00:00 0 
7fad2d005000-7fad2d006000 r--s 00002000 fc:00 9051319                    /home/olivier/Documents/android-studio/gradle/gradle-2.14.1/lib/plugins/wagon-http-2.4.jar
7fad2d006000-7fad2d007000 r--s 00003000 fc:00 9051321                    /home/olivier/Documents/android-studio/gradle/gradle-2.14.1/lib/plugins/aether-spi-1.13.1.jar
7fad2d007000-7fad2d008000 r--s 00006000 fc:00 9051365                    /home/olivier/Documents/android-studio/gradle/gradle-2.14.1/lib/plugins/plexus-sec-dispatcher-1.3.jar
7fad2d008000-7fad2d00d000 r--s 0002a000 fc:00 9051346                    /home/olivier/Documents/android-studio/gradle/gradle-2.14.1/lib/plugins/gson-2.2.4.jar
7fad2d00d000-7fad2d01c000 r--s 000d9000 fc:00 9051331                    /home/olivier/Documents/android-studio/gradle/gradle-2.14.1/lib/plugins/ivy-2.2.0.jar
7fad2d01c000-7fad2d020000 r-xp 00000000 fc:00 9969571                    /home/olivier/.gradle/native/19/linux-amd64/libnative-platform.so
7fad2d020000-7fad2d21f000 ---p 00004000 fc:00 9969571                    /home/olivier/.gradle/native/19/linux-amd64/libnative-platform.so
7fad2d21f000-7fad2d220000 rw-p 00003000 fc:00 9969571                    /home/olivier/.gradle/native/19/linux-amd64/libnative-platform.so
7fad2d220000-7fad2d231000 r-xp 00000000 fc:00 8915353                    /home/olivier/Documents/android-studio/jre/jre/lib/amd64/libnio.so
7fad2d231000-7fad2d430000 ---p 00011000 fc:00 8915353                    /home/olivier/Documents/android-studio/jre/jre/lib/amd64/libnio.so
7fad2d430000-7fad2d431000 r--p 00010000 fc:00 8915353                    /home/olivier/Documents/android-studio/jre/jre/lib/amd64/libnio.so
7fad2d431000-7fad2d432000 rw-p 00011000 fc:00 8915353                    /home/olivier/Documents/android-studio/jre/jre/lib/amd64/libnio.so
7fad2d432000-7fad2d449000 r-xp 00000000 fc:00 8915340                    /home/olivier/Documents/android-studio/jre/jre/lib/amd64/libnet.so
7fad2d449000-7fad2d648000 ---p 00017000 fc:00 8915340                    /home/olivier/Documents/android-studio/jre/jre/lib/amd64/libnet.so
7fad2d648000-7fad2d649000 r--p 00016000 fc:00 8915340                    /home/olivier/Documents/android-studio/jre/jre/lib/amd64/libnet.so
7fad2d649000-7fad2d64a000 rw-p 00017000 fc:00 8915340                    /home/olivier/Documents/android-studio/jre/jre/lib/amd64/libnet.so
7fad2d64a000-7fad2d654000 r--s 00116000 fc:00 8915100                    /home/olivier/Documents/android-studio/jre/jre/lib/ext/localedata.jar
7fad2d654000-7fad2d656000 r--s 00005000 fc:00 9051195                    /home/olivier/Documents/android-studio/gradle/gradle-2.14.1/lib/gradle-wrapper-2.14.1.jar
7fad2d656000-7fad2d664000 r--s 0004f000 fc:00 9051187                    /home/olivier/Documents/android-studio/gradle/gradle-2.14.1/lib/gradle-tooling-api-2.14.1.jar
7fad2d664000-7fad2d666000 r--s 00002000 fc:00 9051190                    /home/olivier/Documents/android-studio/gradle/gradle-2.14.1/lib/gradle-open-api-2.14.1.jar
7fad2d666000-7fad2d66c000 r--s 00032000 fc:00 9051315                    /home/olivier/Documents/android-studio/gradle/gradle-2.14.1/lib/jaxen-1.1.jar
7fad2d66c000-7fad2d671000 r--s 00048000 fc:00 9051295                    /home/olivier/Documents/android-studio/gradle/gradle-2.14.1/lib/dom4j-1.6.1.jar
7fad2d671000-7fad2d67c000 r--s 00059000 fc:00 9051204                    /home/olivier/Documents/android-studio/gradle/gradle-2.14.1/lib/gradle-ui-2.14.1.jar
7fad2d67c000-7fad2d67f000 r--s 0000b000 fc:00 9051255                    /home/olivier/Documents/android-studio/gradle/gradle-2.14.1/lib/gradle-resources-2.14.1.jar
7fad2d67f000-7fad2d681000 r--s 00003000 fc:00 9051317                    /home/olivier/Documents/android-studio/gradle/gradle-2.14.1/lib/jcl-over-slf4j-1.7.10.jar
7fad2d681000-7fad2d682000 r--s 00005000 fc:00 9051312                    /home/olivier/Documents/android-studio/gradle/gradle-2.14.1/lib/log4j-over-slf4j-1.7.10.jar
7fad2d682000-7fad2d684000 r--s 00000000 fc:00 9051388                    /home/olivier/Documents/android-studio/gradle/gradle-2.14.1/lib/jul-to-slf4j-1.7.10.jar
7fad2d684000-7fad2d689000 r--s 0001c000 fc:00 9051193                    /home/olivier/Documents/android-studio/gradle/gradle-2.14.1/lib/gradle-logging-2.14.1.jar
7fad2d689000-7fad2d68b000 r--s 00007000 fc:00 9051318                    /home/olivier/Documents/android-studio/gradle/gradle-2.14.1/lib/objenesis-1.2.jar
7fad2d68b000-7fad2d68d000 r--s 00000000 fc:00 9051298                    /home/olivier/Documents/android-studio/gradle/gradle-2.14.1/lib/minlog-1.2.jar
7fad2d68d000-7fad2d68f000 r--s 0000f000 fc:00 9051304                    /home/olivier/Documents/android-studio/gradle/gradle-2.14.1/lib/reflectasm-1.07-shaded.jar
7fad2d68f000-7fad2d693000 r--s 00026000 fc:00 9051310                    /home/olivier/Documents/android-studio/gradle/gradle-2.14.1/lib/kryo-2.20.jar
7fad2d693000-7fad2d699000 r--s 00025000 fc:00 9051189                    /home/olivier/Documents/android-studio/gradle/gradle-2.14.1/lib/gradle-messaging-2.14.1.jar
7fad2d699000-7fad2d69a000 r--s 00003000 fc:00 9051316                    /home/olivier/Documents/android-studio/gradle/gradle-2.14.1/lib/native-platform-freebsd-amd64-0.10.jar
7fad2d69a000-7fad2d69b000 r--s 00003000 fc:00 9051305                    /home/olivier/Documents/android-studio/gradle/gradle-2.14.1/lib/native-platform-freebsd-i386-0.10.jar
7fad2d69b000-7fad2d69c000 r--s 00005000 fc:00 9051300                    /home/olivier/Documents/android-studio/gradle/gradle-2.14.1/lib/native-platform-windows-i386-0.10.jar
7fad2d69c000-7fad2d69d000 r--s 00005000 fc:00 9051299                    /home/olivier/Documents/android-studio/gradle/gradle-2.14.1/lib/native-platform-windows-amd64-0.10.jar
7fad2d69d000-7fad2d69e000 r--s 00003000 fc:00 9051306                    /home/olivier/Documents/android-studio/gradle/gradle-2.14.1/lib/native-platform-linux-i386-0.10.jar
7fad2d69e000-7fad2d69f000 r--s 00003000 fc:00 9051297                    /home/olivier/Documents/android-studio/gradle/gradle-2.14.1/lib/native-platform-linux-amd64-0.10.jar
7fad2d69f000-7fad2d6a1000 r--s 00008000 fc:00 9051314                    /home/olivier/Documents/android-studio/gradle/gradle-2.14.1/lib/jansi-1.2.1.jar
7fad2d6a1000-7fad2d6a4000 r--s 0000d000 fc:00 9051309                    /home/olivier/Documents/android-studio/gradle/gradle-2.14.1/lib/native-platform-0.10.jar
7fad2d6a4000-7fad2d6a8000 r--s 000e4000 fc:00 9051308                    /home/olivier/Documents/android-studio/gradle/gradle-2.14.1/lib/jna-3.2.7.jar
7fad2d6a8000-7fad2d717000 r--s 0063e000 fc:00 9051390                    /home/olivier/Documents/android-studio/gradle/gradle-2.14.1/lib/groovy-all-2.4.4.jar
7fad2d717000-7fad2d718000 ---p 00000000 00:00 0 
7fad2d718000-7fad2d818000 rw-p 00000000 00:00 0                          [stack:5931]
7fad2d818000-7fad2d81b000 ---p 00000000 00:00 0 
7fad2d81b000-7fad2d919000 rw-p 00000000 00:00 0                          [stack:5930]
7fad2d919000-7fad2e000000 r--p 00000000 fc:00 5249720                    /usr/lib/locale/locale-archive
7fad2e000000-7fad31000000 rw-p 00000000 00:00 0 
7fad31000000-7fad32480000 rwxp 00000000 00:00 0 
7fad32480000-7fad40000000 ---p 00000000 00:00 0 
7fad40000000-7fad40b70000 rw-p 00000000 00:00 0 
7fad40b70000-7fad44000000 ---p 00000000 00:00 0 
7fad44000000-7fad44001000 r--s 00002000 fc:00 9051296                    /home/olivier/Documents/android-studio/gradle/gradle-2.14.1/lib/native-platform-osx-amd64-0.10.jar
7fad44001000-7fad44003000 r--s 00009000 fc:00 9051206                    /home/olivier/Documents/android-studio/gradle/gradle-2.14.1/lib/gradle-native-2.14.1.jar
7fad44003000-7fad44005000 r--s 00005000 fc:00 9051207                    /home/olivier/Documents/android-studio/gradle/gradle-2.14.1/lib/gradle-cli-2.14.1.jar
7fad44005000-7fad44014000 r--s 00080000 fc:00 9051202                    /home/olivier/Documents/android-studio/gradle/gradle-2.14.1/lib/gradle-model-core-2.14.1.jar
7fad44014000-7fad44021000 r--s 00083000 fc:00 9051256                    /home/olivier/Documents/android-studio/gradle/gradle-2.14.1/lib/commons-collections-3.2.2.jar
7fad44021000-7fad44049000 r--s 001cf000 fc:00 9051302                    /home/olivier/Documents/android-studio/gradle/gradle-2.14.1/lib/guava-jdk5-17.0.jar
7fad44049000-7fad44068000 r--s 001d1000 fc:00 9051194                    /home/olivier/Documents/android-studio/gradle/gradle-2.14.1/lib/ant-1.9.6.jar
7fad44068000-7fad4409f000 r--s 001bd000 fc:00 9051196                    /home/olivier/Documents/android-studio/gradle/gradle-2.14.1/lib/gradle-core-2.14.1.jar
7fad4409f000-7fad440a2000 ---p 00000000 00:00 0 
7fad440a2000-7fad441a0000 rw-p 00000000 00:00 0                          [stack:5929]
7fad441a0000-7fad441a3000 ---p 00000000 00:00 0 
7fad441a3000-7fad442a1000 rw-p 00000000 00:00 0                          [stack:5928]
7fad442a1000-7fad442a4000 ---p 00000000 00:00 0 
7fad442a4000-7fad443a2000 rw-p 00000000 00:00 0                          [stack:5927]
7fad443a2000-7fad443a5000 ---p 00000000 00:00 0 
7fad443a5000-7fad444a3000 rw-p 00000000 00:00 0                          [stack:5926]
7fad444a3000-7fad444a6000 ---p 00000000 00:00 0 
7fad444a6000-7fad445a4000 rw-p 00000000 00:00 0                          [stack:5925]
7fad445a4000-7fad445a5000 ---p 00000000 00:00 0 
7fad445a5000-7fad4503d000 rw-p 00000000 00:00 0                          [stack:5924]
7fad4503d000-7fad4520a000 r--s 03bec000 fc:00 8915218                    /home/olivier/Documents/android-studio/jre/jre/lib/rt.jar
7fad4520a000-7fad45d80000 rw-p 00000000 00:00 0 
7fad45d80000-7fad45d81000 ---p 00000000 00:00 0 
7fad45d81000-7fad45e81000 rw-p 00000000 00:00 0                          [stack:5923]
7fad45e81000-7fad45e82000 ---p 00000000 00:00 0 
7fad45e82000-7fad45f97000 rw-p 00000000 00:00 0                          [stack:5922]
7fad45f97000-7fad46182000 ---p 00000000 00:00 0 
7fad46182000-7fad46197000 rw-p 00000000 00:00 0 
7fad46197000-7fad46382000 ---p 00000000 00:00 0 
7fad46382000-7fad463e8000 rw-p 00000000 00:00 0 
7fad463e8000-7fad46482000 ---p 00000000 00:00 0 
7fad46482000-7fad464d5000 rw-p 00000000 00:00 0 
7fad464d5000-7fad46843000 ---p 00000000 00:00 0 
7fad46843000-7fad4685d000 r-xp 00000000 fc:00 8915328                    /home/olivier/Documents/android-studio/jre/jre/lib/amd64/libzip.so
7fad4685d000-7fad46a5d000 ---p 0001a000 fc:00 8915328                    /home/olivier/Documents/android-studio/jre/jre/lib/amd64/libzip.so
7fad46a5d000-7fad46a5e000 r--p 0001a000 fc:00 8915328                    /home/olivier/Documents/android-studio/jre/jre/lib/amd64/libzip.so
7fad46a5e000-7fad46a5f000 rw-p 0001b000 fc:00 8915328                    /home/olivier/Documents/android-studio/jre/jre/lib/amd64/libzip.so
7fad46a5f000-7fad46a6a000 r-xp 00000000 fc:00 9179320                    /lib/x86_64-linux-gnu/libnss_files-2.19.so
7fad46a6a000-7fad46c69000 ---p 0000b000 fc:00 9179320                    /lib/x86_64-linux-gnu/libnss_files-2.19.so
7fad46c69000-7fad46c6a000 r--p 0000a000 fc:00 9179320                    /lib/x86_64-linux-gnu/libnss_files-2.19.so
7fad46c6a000-7fad46c6b000 rw-p 0000b000 fc:00 9179320                    /lib/x86_64-linux-gnu/libnss_files-2.19.so
7fad46c6b000-7fad46c76000 r-xp 00000000 fc:00 9179330                    /lib/x86_64-linux-gnu/libnss_nis-2.19.so
7fad46c76000-7fad46e75000 ---p 0000b000 fc:00 9179330                    /lib/x86_64-linux-gnu/libnss_nis-2.19.so
7fad46e75000-7fad46e76000 r--p 0000a000 fc:00 9179330                    /lib/x86_64-linux-gnu/libnss_nis-2.19.so
7fad46e76000-7fad46e77000 rw-p 0000b000 fc:00 9179330                    /lib/x86_64-linux-gnu/libnss_nis-2.19.so
7fad46e77000-7fad46e8e000 r-xp 00000000 fc:00 9179314                    /lib/x86_64-linux-gnu/libnsl-2.19.so
7fad46e8e000-7fad4708d000 ---p 00017000 fc:00 9179314                    /lib/x86_64-linux-gnu/libnsl-2.19.so
7fad4708d000-7fad4708e000 r--p 00016000 fc:00 9179314                    /lib/x86_64-linux-gnu/libnsl-2.19.so
7fad4708e000-7fad4708f000 rw-p 00017000 fc:00 9179314                    /lib/x86_64-linux-gnu/libnsl-2.19.so
7fad4708f000-7fad47091000 rw-p 00000000 00:00 0 
7fad47091000-7fad4709a000 r-xp 00000000 fc:00 9179316                    /lib/x86_64-linux-gnu/libnss_compat-2.19.so
7fad4709a000-7fad47299000 ---p 00009000 fc:00 9179316                    /lib/x86_64-linux-gnu/libnss_compat-2.19.so
7fad47299000-7fad4729a000 r--p 00008000 fc:00 9179316                    /lib/x86_64-linux-gnu/libnss_compat-2.19.so
7fad4729a000-7fad4729b000 rw-p 00009000 fc:00 9179316                    /lib/x86_64-linux-gnu/libnss_compat-2.19.so
7fad4729b000-7fad472c8000 r-xp 00000000 fc:00 8916565                    /home/olivier/Documents/android-studio/jre/jre/lib/amd64/libjava.so
7fad472c8000-7fad474c7000 ---p 0002d000 fc:00 8916565                    /home/olivier/Documents/android-studio/jre/jre/lib/amd64/libjava.so
7fad474c7000-7fad474c8000 r--p 0002c000 fc:00 8916565                    /home/olivier/Documents/android-studio/jre/jre/lib/amd64/libjava.so
7fad474c8000-7fad474ca000 rw-p 0002d000 fc:00 8916565                    /home/olivier/Documents/android-studio/jre/jre/lib/amd64/libjava.so
7fad474ca000-7fad474da000 r-xp 00000000 fc:00 8916581                    /home/olivier/Documents/android-studio/jre/jre/lib/amd64/libverify.so
7fad474da000-7fad476d9000 ---p 00010000 fc:00 8916581                    /home/olivier/Documents/android-studio/jre/jre/lib/amd64/libverify.so
7fad476d9000-7fad476db000 r--p 0000f000 fc:00 8916581                    /home/olivier/Documents/android-studio/jre/jre/lib/amd64/libverify.so
7fad476db000-7fad476dc000 rw-p 00011000 fc:00 8916581                    /home/olivier/Documents/android-studio/jre/jre/lib/amd64/libverify.so
7fad476dc000-7fad476e3000 r-xp 00000000 fc:00 9179373                    /lib/x86_64-linux-gnu/librt-2.19.so
7fad476e3000-7fad478e2000 ---p 00007000 fc:00 9179373                    /lib/x86_64-linux-gnu/librt-2.19.so
7fad478e2000-7fad478e3000 r--p 00006000 fc:00 9179373                    /lib/x86_64-linux-gnu/librt-2.19.so
7fad478e3000-7fad478e4000 rw-p 00007000 fc:00 9179373                    /lib/x86_64-linux-gnu/librt-2.19.so
7fad478e4000-7fad479e9000 r-xp 00000000 fc:00 9179295                    /lib/x86_64-linux-gnu/libm-2.19.so
7fad479e9000-7fad47be8000 ---p 00105000 fc:00 9179295                    /lib/x86_64-linux-gnu/libm-2.19.so
7fad47be8000-7fad47be9000 r--p 00104000 fc:00 9179295                    /lib/x86_64-linux-gnu/libm-2.19.so
7fad47be9000-7fad47bea000 rw-p 00105000 fc:00 9179295                    /lib/x86_64-linux-gnu/libm-2.19.so
7fad47bea000-7fad487d0000 r-xp 00000000 fc:00 8916585                    /home/olivier/Documents/android-studio/jre/jre/lib/amd64/server/libjvm.so
7fad487d0000-7fad489d0000 ---p 00be6000 fc:00 8916585                    /home/olivier/Documents/android-studio/jre/jre/lib/amd64/server/libjvm.so
7fad489d0000-7fad48a6f000 r--p 00be6000 fc:00 8916585                    /home/olivier/Documents/android-studio/jre/jre/lib/amd64/server/libjvm.so
7fad48a6f000-7fad48a98000 rw-p 00c85000 fc:00 8916585                    /home/olivier/Documents/android-studio/jre/jre/lib/amd64/server/libjvm.so
7fad48a98000-7fad48ada000 rw-p 00000000 00:00 0 
7fad48ada000-7fad48af3000 r-xp 00000000 fc:00 9179365                    /lib/x86_64-linux-gnu/libpthread-2.19.so
7fad48af3000-7fad48cf2000 ---p 00019000 fc:00 9179365                    /lib/x86_64-linux-gnu/libpthread-2.19.so
7fad48cf2000-7fad48cf3000 r--p 00018000 fc:00 9179365                    /lib/x86_64-linux-gnu/libpthread-2.19.so
7fad48cf3000-7fad48cf4000 rw-p 00019000 fc:00 9179365                    /lib/x86_64-linux-gnu/libpthread-2.19.so
7fad48cf4000-7fad48cf8000 rw-p 00000000 00:00 0 
7fad48cf8000-7fad48cfb000 r-xp 00000000 fc:00 9179262                    /lib/x86_64-linux-gnu/libdl-2.19.so
7fad48cfb000-7fad48efa000 ---p 00003000 fc:00 9179262                    /lib/x86_64-linux-gnu/libdl-2.19.so
7fad48efa000-7fad48efb000 r--p 00002000 fc:00 9179262                    /lib/x86_64-linux-gnu/libdl-2.19.so
7fad48efb000-7fad48efc000 rw-p 00003000 fc:00 9179262                    /lib/x86_64-linux-gnu/libdl-2.19.so
7fad48efc000-7fad490b7000 r-xp 00000000 fc:00 9179245                    /lib/x86_64-linux-gnu/libc-2.19.so
7fad490b7000-7fad492b6000 ---p 001bb000 fc:00 9179245                    /lib/x86_64-linux-gnu/libc-2.19.so
7fad492b6000-7fad492ba000 r--p 001ba000 fc:00 9179245                    /lib/x86_64-linux-gnu/libc-2.19.so
7fad492ba000-7fad492bc000 rw-p 001be000 fc:00 9179245                    /lib/x86_64-linux-gnu/libc-2.19.so
7fad492bc000-7fad492c1000 rw-p 00000000 00:00 0 
7fad492c1000-7fad492d7000 r-xp 00000000 fc:00 8915030                    /home/olivier/Documents/android-studio/jre/lib/amd64/jli/libjli.so
7fad492d7000-7fad494d6000 ---p 00016000 fc:00 8915030                    /home/olivier/Documents/android-studio/jre/lib/amd64/jli/libjli.so
7fad494d6000-7fad494d7000 r--p 00015000 fc:00 8915030                    /home/olivier/Documents/android-studio/jre/lib/amd64/jli/libjli.so
7fad494d7000-7fad494d8000 rw-p 00016000 fc:00 8915030                    /home/olivier/Documents/android-studio/jre/lib/amd64/jli/libjli.so
7fad494d8000-7fad494fb000 r-xp 00000000 fc:00 9179221                    /lib/x86_64-linux-gnu/ld-2.19.so
7fad494fb000-7fad494fc000 r--s 00002000 fc:00 9051313                    /home/olivier/Documents/android-studio/gradle/gradle-2.14.1/lib/native-platform-osx-i386-0.10.jar
7fad494fc000-7fad494fe000 r--s 00007000 fc:00 9051192                    /home/olivier/Documents/android-studio/gradle/gradle-2.14.1/lib/gradle-model-groovy-2.14.1.jar
7fad494fe000-7fad494ff000 r--s 00006000 fc:00 9051201                    /home/olivier/Documents/android-studio/gradle/gradle-2.14.1/lib/gradle-base-services-groovy-2.14.1.jar
7fad494ff000-7fad49500000 r--s 00002000 fc:00 9051197                    /home/olivier/Documents/android-studio/gradle/gradle-2.14.1/lib/gradle-docs-2.14.1.jar
7fad49500000-7fad49501000 r--s 00000000 fc:00 9051389                    /home/olivier/Documents/android-studio/gradle/gradle-2.14.1/lib/javax.inject-1.jar
7fad49501000-7fad49502000 r--s 00000000 fc:00 9051303                    /home/olivier/Documents/android-studio/gradle/gradle-2.14.1/lib/jcip-annotations-1.0.jar
7fad49502000-7fad49506000 r--s 00027000 fc:00 9051311                    /home/olivier/Documents/android-studio/gradle/gradle-2.14.1/lib/commons-io-2.2.jar
7fad49506000-7fad4950b000 r--s 00038000 fc:00 9051199                    /home/olivier/Documents/android-studio/gradle/gradle-2.14.1/lib/asm-all-5.1.jar
7fad4950b000-7fad4950c000 r--s 00001000 fc:00 9051205                    /home/olivier/Documents/android-studio/gradle/gradle-2.14.1/lib/gradle-process-services-2.14.1.jar
7fad4950c000-7fad4950d000 r--s 00000000 fc:00 9051188                    /home/olivier/Documents/android-studio/gradle/gradle-2.14.1/lib/gradle-jvm-services-2.14.1.jar
7fad4950d000-7fad49512000 r--s 00041000 fc:00 9051307                    /home/olivier/Documents/android-studio/gradle/gradle-2.14.1/lib/commons-lang-2.6.jar
7fad49512000-7fad4951a000 r--s 0003a000 fc:00 9051200                    /home/olivier/Documents/android-studio/gradle/gradle-2.14.1/lib/gradle-base-services-2.14.1.jar
7fad4951a000-7fad495dc000 rw-p 00000000 00:00 0 
7fad495dc000-7fad495df000 ---p 00000000 00:00 0 
7fad495df000-7fad496e1000 rw-p 00000000 00:00 0                          [stack:5921]
7fad496e1000-7fad496e2000 r--s 00007000 fc:00 9051301                    /home/olivier/Documents/android-studio/gradle/gradle-2.14.1/lib/slf4j-api-1.7.10.jar
7fad496e2000-7fad496e3000 r--s 00004000 fc:00 9051203                    /home/olivier/Documents/android-studio/gradle/gradle-2.14.1/lib/ant-launcher-1.9.6.jar
7fad496e3000-7fad496ee000 r--s 00051000 fc:00 9051198                    /home/olivier/Documents/android-studio/gradle/gradle-2.14.1/lib/gradle-launcher-2.14.1.jar
7fad496ee000-7fad496f6000 rw-s 00000000 fc:00 9445780                    /tmp/hsperfdata_olivier/5917
7fad496f6000-7fad496f7000 rw-p 00000000 00:00 0 
7fad496f7000-7fad496f8000 ---p 00000000 00:00 0 
7fad496f8000-7fad496fa000 rw-p 00000000 00:00 0 
7fad496fa000-7fad496fb000 r--p 00022000 fc:00 9179221                    /lib/x86_64-linux-gnu/ld-2.19.so
7fad496fb000-7fad496fc000 rw-p 00023000 fc:00 9179221                    /lib/x86_64-linux-gnu/ld-2.19.so
7fad496fc000-7fad496fd000 rw-p 00000000 00:00 0 
7ffc59c66000-7ffc59c88000 rw-p 00000000 00:00 0                          [stack]
7ffc59cc9000-7ffc59ccb000 r--p 00000000 00:00 0                          [vvar]
7ffc59ccb000-7ffc59ccd000 r-xp 00000000 00:00 0                          [vdso]
ffffffffff600000-ffffffffff601000 r-xp 00000000 00:00 0                  [vsyscall]

VM Arguments:
jvm_args: -Xmx1536m -Dfile.encoding=UTF-8 -Duser.country=FR -Duser.language=fr -Duser.variant 
java_command: org.gradle.launcher.daemon.bootstrap.GradleDaemon 2.14.1
java_class_path (initial): /home/olivier/Documents/android-studio/gradle/gradle-2.14.1/lib/gradle-launcher-2.14.1.jar
Launcher Type: SUN_STANDARD

Environment Variables:
JAVA_HOME=/usr/lib/jvm/java-8-oracle
JRE_HOME=/usr/lib/jvm/java-8-oracle
PATH=/usr/local/sbin:/usr/local/bin:/usr/sbin:/usr/bin:/sbin:/bin:/usr/games:/usr/local/games:/usr/lib/jvm/java-8-oracle/bin:/usr/lib/jvm/java-8-oracle/db/bin:/usr/lib/jvm/java-8-oracle/jre/bin:/home/olivier/bin:/usr/lib/jvm/java-8-oracle/bin:/home/olivier/bin:/usr/lib/jvm/java-8-oracle/bin:/home/olivier/bin:/usr/lib/jvm/java-8-oracle/bin
LD_LIBRARY_PATH=./Documents/android-studio/bin:
SHELL=/bin/bash
DISPLAY=:0

Signal Handlers:
SIGSEGV: [libjvm.so+0x9daac0], sa_mask[0]=11111111011111111101111111111110, sa_flags=SA_RESTART|SA_SIGINFO
SIGBUS: [libjvm.so+0x9daac0], sa_mask[0]=11111111011111111101111111111110, sa_flags=SA_RESTART|SA_SIGINFO
SIGFPE: [libjvm.so+0x840d90], sa_mask[0]=11111111011111111101111111111110, sa_flags=SA_RESTART|SA_SIGINFO
SIGPIPE: [libjvm.so+0x840d90], sa_mask[0]=11111111011111111101111111111110, sa_flags=SA_RESTART|SA_SIGINFO
SIGXFSZ: [libjvm.so+0x840d90], sa_mask[0]=11111111011111111101111111111110, sa_flags=SA_RESTART|SA_SIGINFO
SIGILL: [libjvm.so+0x840d90], sa_mask[0]=11111111011111111101111111111110, sa_flags=SA_RESTART|SA_SIGINFO
SIGUSR1: SIG_DFL, sa_mask[0]=00000000000000000000000000000000, sa_flags=none
SIGUSR2: [libjvm.so+0x840c60], sa_mask[0]=00100000000000000000000000000000, sa_flags=SA_RESTART|SA_SIGINFO
SIGHUP: [libjvm.so+0x840e50], sa_mask[0]=11111111011111111101111111111110, sa_flags=SA_RESTART|SA_SIGINFO
SIGINT: [libjvm.so+0x840e50], sa_mask[0]=11111111011111111101111111111110, sa_flags=SA_RESTART|SA_SIGINFO
SIGTERM: [libjvm.so+0x840e50], sa_mask[0]=11111111011111111101111111111110, sa_flags=SA_RESTART|SA_SIGINFO
SIGQUIT: [libjvm.so+0x840e50], sa_mask[0]=11111111011111111101111111111110, sa_flags=SA_RESTART|SA_SIGINFO


---------------  S Y S T E M  ---------------

OS:DISTRIB_ID=Ubuntu
DISTRIB_RELEASE=14.04
DISTRIB_CODENAME=trusty
DISTRIB_DESCRIPTION="Ubuntu 14.04.3 LTS"

uname:Linux 3.19.0-25-generic #26~14.04.1-Ubuntu SMP Fri Jul 24 21:16:20 UTC 2015 x86_64
libc:glibc 2.19 NPTL 2.19 
rlimit: STACK 8192k, CORE 0k, NPROC 13618, NOFILE 4096, AS infinity
load average:3,37 2,92 3,30

/proc/meminfo:
MemTotal:        3508440 kB
MemFree:          294052 kB
MemAvailable:     730108 kB
Buffers:           36708 kB
Cached:           568496 kB
SwapCached:         4708 kB
Active:          2108004 kB
Inactive:         931916 kB
Active(anon):    1782028 kB
Inactive(anon):   677360 kB
Active(file):     325976 kB
Inactive(file):   254556 kB
Unevictable:          32 kB
Mlocked:              32 kB
SwapTotal:       3645436 kB
SwapFree:        3444648 kB
Dirty:             27752 kB
Writeback:             0 kB
AnonPages:       2433164 kB
Mapped:           144120 kB
Shmem:             24672 kB
Slab:              77264 kB
SReclaimable:      48932 kB
SUnreclaim:        28332 kB
KernelStack:        8176 kB
PageTables:        31740 kB
NFS_Unstable:          0 kB
Bounce:                0 kB
WritebackTmp:          0 kB
CommitLimit:     5399656 kB
Committed_AS:    5535676 kB
VmallocTotal:   34359738367 kB
VmallocUsed:       94564 kB
VmallocChunk:   34359639528 kB
HardwareCorrupted:     0 kB
AnonHugePages:   1595392 kB
CmaTotal:              0 kB
CmaFree:               0 kB
HugePages_Total:       0
HugePages_Free:        0
HugePages_Rsvd:        0
HugePages_Surp:        0
Hugepagesize:       2048 kB
DirectMap4k:      175912 kB
DirectMap2M:     3471360 kB
DirectMap1G:           0 kB


CPU:total 2 (2 cores per cpu, 1 threads per core) family 18 model 1 stepping 0, cmov, cx8, fxsr, mmx, sse, sse2, sse3, popcnt, mmxext, 3dnowpref, lzcnt, sse4a, tsc, tscinvbit, tscinv

/proc/cpuinfo:
processor	: 0
vendor_id	: AuthenticAMD
cpu family	: 18
model		: 1
model name	: AMD E2-3000M APU with Radeon(tm) HD Graphics
stepping	: 0
microcode	: 0x3000027
cpu MHz		: 1400.000
cache size	: 512 KB
physical id	: 0
siblings	: 2
core id		: 0
cpu cores	: 2
apicid		: 0
initial apicid	: 0
fpu		: yes
fpu_exception	: yes
cpuid level	: 6
wp		: yes
flags		: fpu vme de pse tsc msr pae mce cx8 apic sep mtrr pge mca cmov pat pse36 clflush mmx fxsr sse sse2 ht syscall nx mmxext fxsr_opt pdpe1gb rdtscp lm 3dnowext 3dnow constant_tsc rep_good nopl nonstop_tsc extd_apicid aperfmperf pni monitor cx16 popcnt lahf_lm cmp_legacy svm extapic cr8_legacy abm sse4a misalignsse 3dnowprefetch osvw ibs skinit wdt arat cpb hw_pstate npt lbrv svm_lock nrip_save pausefilter vmmcall
bugs		: fxsave_leak
bogomips	: 3593.37
TLB size	: 1536 4K pages
clflush size	: 64
cache_alignment	: 64
address sizes	: 40 bits physical, 48 bits virtual
power management: ts ttp tm stc 100mhzsteps hwpstate cpb

processor	: 1
vendor_id	: AuthenticAMD
cpu family	: 18
model		: 1
model name	: AMD E2-3000M APU with Radeon(tm) HD Graphics
stepping	: 0
microcode	: 0x3000027
cpu MHz		: 1400.000
cache size	: 512 KB
physical id	: 0
siblings	: 2
core id		: 1
cpu cores	: 2
apicid		: 1
initial apicid	: 1
fpu		: yes
fpu_exception	: yes
cpuid level	: 6
wp		: yes
flags		: fpu vme de pse tsc msr pae mce cx8 apic sep mtrr pge mca cmov pat pse36 clflush mmx fxsr sse sse2 ht syscall nx mmxext fxsr_opt pdpe1gb rdtscp lm 3dnowext 3dnow constant_tsc rep_good nopl nonstop_tsc extd_apicid aperfmperf pni monitor cx16 popcnt lahf_lm cmp_legacy svm extapic cr8_legacy abm sse4a misalignsse 3dnowprefetch osvw ibs skinit wdt arat cpb hw_pstate npt lbrv svm_lock nrip_save pausefilter vmmcall
bugs		: fxsave_leak
bogomips	: 3593.37
TLB size	: 1536 4K pages
clflush size	: 64
cache_alignment	: 64
address sizes	: 40 bits physical, 48 bits virtual
power management: ts ttp tm stc 100mhzsteps hwpstate cpb



Memory: 4k page, physical 3508440k(294052k free), swap 3645436k(3444648k free)

vm_info: OpenJDK 64-Bit Server VM (25.76-b03) for linux-amd64 JRE (1.8.0_76-release-b03), built on Jun 29 2016 09:39:19 by "builder" with gcc 4.8.4

time: Thu Jan 12 16:59:38 2017
elapsed time: 45 seconds (0d 0h 0m 45s)

